
==================================================
  Node C  Actuator Control (Host Fallback)
==================================================
  Listening: 0.0.0.0:5002
  Scheduler: RMS (cooperative)
  Debounce: 2 consecutive STOP within 2000ms
  Watchdog: failsafe after 3000ms silence
  Results: C:\Users\Armaan\Desktop\4331project\finalresults\impairment_sweep\fp16_partition
  Press Ctrl+C to stop.


==================================================
  UDP Proxy  Network Impairment Injector
==================================================
  Profile:     partition
  Jitter:      0Ý0 ms
  Packet loss: 100.0%


  Proxy running. Press Ctrl+C to stop.

  proxy/hop1 (A->B): :6001 -> 127.0.0.1:5001 [jitter=0Ý0ms, loss=100.0%]
  proxy/hop2 (B->C): :6002 -> 127.0.0.1:5002 [jitter=0Ý0ms, loss=100.0%]
Traceback (most recent call last):
  File "C:\Users\Armaan\Desktop\4331project\nodeB.py", line 695, in <module>
    main()
  File "C:\Users\Armaan\Desktop\4331project\nodeB.py", line 690, in main
    node.load_model()
  File "C:\Users\Armaan\Desktop\4331project\nodeB.py", line 182, in load_model
    import torch
ModuleNotFoundError: No module named 'torch'

  *** WATCHDOG FAILSAFE *** No packet in 3039ms  triggering emergency stop

nodeA: Loaded stop_clean.wav  16000 samples (1.00s)

==================================================
  Node A  Audio Sensor (Host Fallback)
==================================================
  Target: 127.0.0.1:6001
  Tasks: tAudioSample(10ms) tFeatureExtract(20ms) tUdpTransmit(20ms)
  Results: C:\Users\Armaan\Desktop\4331project\finalresults\impairment_sweep\fp16_partition
  Press Ctrl+C to stop.

  proxy/hop1 (A->B): DROPPED packet (total dropped: 1)
  nodeA: sent packet #10 | ring=160/16000
  proxy/hop1 (A->B): DROPPED packet (total dropped: 11)

nodeA: Duration complete; shutting down ...

nodeC: Duration complete; shutting down ...

============================================================
  Node A Summary (Host Fallback)
============================================================
  Samples read:   302560
  Chunks sent:    18

============================================================
  Node C Summary | Scheduler: RMS (cooperative)
============================================================
  Packets received:     0
  STOP commands:        0
  GO commands:          0
  Actuator triggers:    0
  Watchdog failsafes:   1
  Final actuator state: FAILSAFE_STOP
  recv          (no data)
  sample        min=0.03ms  avg=0.11ms  max=0.76ms  p99=0.45ms  n=1891
  validate      min=0.00ms  avg=0.00ms  max=0.08ms  p99=0.01ms  n=2284
  extract       min=0.00ms  avg=0.06ms  max=5.64ms  p99=2.04ms  n=963
  transmit      min=0.18ms  avg=0.34ms  max=0.74ms  p99=0.72ms  n=18
  Overruns: 0  watchdog      min=0.00ms  avg=0.00ms  max=0.37ms  p99=0.01ms  n=457
  Overruns: 15
============================================================

============================================================
[pipeline] Results -> C:\Users\Armaan\Desktop\4331project\finalresults\impairment_sweep\fp16_partition
[pipeline] Starting Node C ...
[pipeline] Starting UDP proxy (mode=partition) ...
[pipeline] Starting Node B (precision=fp16) ...
[pipeline] Waiting for Node B model to load ...
[pipeline] Starting Node A ...

[pipeline] All nodes running. Will stop in 30s ...


[pipeline] Shutting down all nodes ...
  Terminated Proxy (pid=38624)
[pipeline] Done.
