
==================================================
  Node C — Actuator Control (Host Fallback)
==================================================
  Listening: 0.0.0.0:5002
  Scheduler: RMS (cooperative)
  Debounce: 2 consecutive STOP within 2000ms
  Watchdog: failsafe after 3000ms silence
  Results: C:\Users\Armaan\Desktop\4331project\finalresults\impairment_sweep\fp32_baseline
  Press Ctrl+C to stop.


==================================================
  UDP Proxy — Network Impairment Injector
==================================================
  Profile:     baseline
  Jitter:      0±0 ms
  Packet loss: 0.0%


  Proxy running. Press Ctrl+C to stop.

  proxy/hop2 (B->C): :6002 -> 127.0.0.1:5002 [jitter=0±0ms, loss=0.0%]  proxy/hop1 (A->B): :6001 -> 127.0.0.1:5001 [jitter=0±0ms, loss=0.0%]


  *** WATCHDOG FAILSAFE *** No packet in 3059ms — triggering emergency stop

nodeB: Loading model superb/wav2vec2-base-superb-ks ...
nodeB: Precision = FP32
Warning: You are sending unauthenticated requests to the HF Hub. Please set a HF_TOKEN to enable higher rate limits and faster downloads.
Loading weights:   0%|          | 0/216 [00:00<?, ?it/s]Loading weights: 100%|##########| 216/216 [00:00<00:00, 62133.58it/s]
nodeB: Using GPU — NVIDIA GeForce RTX 5060 Ti
nodeB: Running warm-up inference ...
nodeB: Warm-up complete.

nodeB: Listening on 0.0.0.0:5001
nodeB: Sending to 127.0.0.1:6002
nodeB: Scheduler policy = RMS
nodeB: Results -> C:\Users\Armaan\Desktop\4331project\finalresults\impairment_sweep\fp32_baseline
nodeB: All tasks running — RMS (cooperative). Press Ctrl+C to stop.

nodeA: Loaded stop_clean.wav — 16000 samples (1.00s)

==================================================
  Node A — Audio Sensor (Host Fallback)
==================================================
  Target: 127.0.0.1:6001
  Tasks: tAudioSample(10ms) tFeatureExtract(20ms) tUdpTransmit(20ms)
  Results: C:\Users\Armaan\Desktop\4331project\finalresults\impairment_sweep\fp32_baseline
  Press Ctrl+C to stop.

  inference: stop       conf=0.998 time=75.1ms cmd=STOP fwd=True
  nodeC: recv #0 cmd=STOP conf=0.998
  inference: stop       conf=1.000 time=55.5ms cmd=STOP fwd=True
  nodeC: recv #1 cmd=STOP conf=1.000

  *** ACTUATOR: EMERGENCY_STOP *** (seq=1 conf=1.000) (processing=0.2ms)

  inference: stop       conf=0.999 time=54.8ms cmd=STOP fwd=True
  nodeC: recv #2 cmd=STOP conf=0.999
  inference: stop       conf=0.999 time=63.8ms cmd=STOP fwd=True
  nodeC: recv #3 cmd=STOP conf=0.999

  *** ACTUATOR: EMERGENCY_STOP *** (seq=3 conf=0.999) (processing=0.1ms)

  inference: stop       conf=1.000 time=65.7ms cmd=STOP fwd=True
  nodeC: recv #4 cmd=STOP conf=1.000
  inference: stop       conf=1.000 time=26.7ms cmd=STOP fwd=True
  nodeC: recv #5 cmd=STOP conf=1.000

  *** ACTUATOR: EMERGENCY_STOP *** (seq=5 conf=1.000) (processing=0.5ms)

  inference: stop       conf=0.999 time=62.8ms cmd=STOP fwd=True
  nodeC: recv #6 cmd=STOP conf=0.999
  inference: stop       conf=0.999 time=27.3ms cmd=STOP fwd=True
  nodeC: recv #7 cmd=STOP conf=0.999

  *** ACTUATOR: EMERGENCY_STOP *** (seq=7 conf=0.999) (processing=0.6ms)

  inference: stop       conf=0.999 time=68.4ms cmd=STOP fwd=True
  nodeC: recv #8 cmd=STOP conf=0.999
  nodeA: sent packet #10 | ring=320/16000
  inference: stop       conf=0.999 time=27.1ms cmd=STOP fwd=True
  nodeC: recv #9 cmd=STOP conf=0.999

  *** ACTUATOR: EMERGENCY_STOP *** (seq=9 conf=0.999) (processing=0.1ms)

  inference: stop       conf=0.999 time=64.6ms cmd=STOP fwd=True
  nodeC: recv #10 cmd=STOP conf=0.999
  inference: stop       conf=1.000 time=29.8ms cmd=STOP fwd=True
  nodeC: recv #11 cmd=STOP conf=1.000

  *** ACTUATOR: EMERGENCY_STOP *** (seq=11 conf=1.000) (processing=0.1ms)

  inference: stop       conf=0.999 time=65.6ms cmd=STOP fwd=True
  nodeC: recv #12 cmd=STOP conf=0.999
  inference: stop       conf=0.999 time=27.8ms cmd=STOP fwd=True
  nodeC: recv #13 cmd=STOP conf=0.999

  *** ACTUATOR: EMERGENCY_STOP *** (seq=13 conf=0.999) (processing=0.1ms)

  inference: stop       conf=0.999 time=64.1ms cmd=STOP fwd=True
  nodeC: recv #14 cmd=STOP conf=0.999
  inference: stop       conf=0.999 time=58.3ms cmd=STOP fwd=True
  nodeC: recv #15 cmd=STOP conf=0.999

  *** ACTUATOR: EMERGENCY_STOP *** (seq=15 conf=0.999) (processing=0.1ms)

  inference: stop       conf=0.999 time=64.6ms cmd=STOP fwd=True
  nodeC: recv #16 cmd=STOP conf=0.999
  inference: stop       conf=0.999 time=27.2ms cmd=STOP fwd=True
  nodeC: recv #17 cmd=STOP conf=0.999

  *** ACTUATOR: EMERGENCY_STOP *** (seq=17 conf=0.999) (processing=0.1ms)


nodeA: Duration complete; shutting down ...

nodeC: Duration complete; shutting down ...

nodeB: Duration complete; shutting down ...

============================================================
  Node A Summary (Host Fallback)
============================================================
  Samples read:   303680

============================================================  Chunks sent:    18

  Node B Summary — Precision: FP32 | Scheduler: RMS (cooperative)
============================================================
  Packets received:    18
  Inferences run:      18
  Commands forwarded:  18


============================================================
  Node C Summary | Scheduler: RMS (cooperative)
============================================================
  Packets received:     18
  STOP commands:        18
  GO commands:          0
  Actuator triggers:    9
  Watchdog failsafes:   1
  Final actuator state: EMERGENCY_STOP
  recv          min=0.05ms  avg=0.24ms  max=2.17ms  p99=1.87ms  n=18  recv          min=0.01ms  avg=0.03ms  max=0.07ms  p99=0.07ms  n=18  sample        min=0.03ms  avg=0.13ms  max=1.05ms  p99=0.59ms  n=1898


  extract       min=0.00ms  avg=0.08ms  max=6.12ms  p99=2.67ms  n=955
  inference     min=26.66ms  avg=51.62ms  max=75.11ms  p99=73.97ms  n=18
  validate      min=0.00ms  avg=0.00ms  max=0.31ms  p99=0.02ms  n=2284
  transmit      min=0.20ms  avg=0.58ms  max=1.80ms  p99=1.75ms  n=18
  Overruns: 2  send          min=0.12ms  avg=0.41ms  max=1.60ms  p99=1.49ms  n=18

  Overruns: 28 total
    recv: 6
    inference: 12
    send: 10
============================================================
  watchdog      min=0.00ms  avg=0.00ms  max=0.28ms  p99=0.01ms  n=457
  Overruns: 12
============================================================

============================================================
[pipeline] Results -> C:\Users\Armaan\Desktop\4331project\finalresults\impairment_sweep\fp32_baseline
[pipeline] Starting Node C ...
[pipeline] Starting UDP proxy (mode=baseline) ...
[pipeline] Starting Node B (precision=fp32) ...
[pipeline] Waiting for Node B model to load ...
[pipeline] Starting Node A ...

[pipeline] All nodes running. Will stop in 30s ...


[pipeline] Shutting down all nodes ...
  Terminated Proxy (pid=57380)
[pipeline] Done.
