nodeB: Loading model superb/wav2vec2-base-superb-ks ...
nodeB: Precision = FP32
nodeB: Using GPU — NVIDIA GeForce RTX 5060 Ti
nodeB: Running warm-up inference ...
nodeB: Warm-up complete.

nodeB: Listening on 0.0.0.0:5001
nodeB: Sending to 127.0.0.1:5002
nodeB: Results -> finalresults\hybrid_fp32_baseline
nodeB: All tasks running. Press Ctrl+C to stop.

  inference: stop       conf=0.334 time=13.7ms cmd=STOP fwd=True
  inference: stop       conf=0.353 time=7.1ms cmd=STOP fwd=True
  inference: stop       conf=0.348 time=8.8ms cmd=STOP fwd=True
  inference: stop       conf=0.348 time=6.8ms cmd=STOP fwd=True
  inference: stop       conf=0.348 time=7.0ms cmd=STOP fwd=True
  inference: stop       conf=0.354 time=7.7ms cmd=STOP fwd=True
  inference: stop       conf=0.334 time=8.2ms cmd=STOP fwd=True
  inference: stop       conf=0.354 time=6.9ms cmd=STOP fwd=True
  inference: stop       conf=0.348 time=7.8ms cmd=STOP fwd=True
  inference: stop       conf=0.353 time=7.0ms cmd=STOP fwd=True
  inference: stop       conf=0.353 time=7.0ms cmd=STOP fwd=True
  inference: stop       conf=0.353 time=7.2ms cmd=STOP fwd=True
  inference: stop       conf=0.348 time=6.9ms cmd=STOP fwd=True
  inference: stop       conf=0.354 time=7.3ms cmd=STOP fwd=True
  inference: stop       conf=0.353 time=8.6ms cmd=STOP fwd=True
  inference: stop       conf=0.334 time=8.3ms cmd=STOP fwd=True
  inference: stop       conf=0.334 time=7.3ms cmd=STOP fwd=True
  inference: stop       conf=0.348 time=7.7ms cmd=STOP fwd=True
  inference: stop       conf=0.348 time=7.8ms cmd=STOP fwd=True
  inference: stop       conf=0.334 time=9.3ms cmd=STOP fwd=True
  inference: stop       conf=0.348 time=10.1ms cmd=STOP fwd=True
  inference: stop       conf=0.353 time=6.8ms cmd=STOP fwd=True
  inference: stop       conf=0.348 time=7.2ms cmd=STOP fwd=True
  inference: stop       conf=0.353 time=8.1ms cmd=STOP fwd=True
  inference: stop       conf=0.334 time=7.2ms cmd=STOP fwd=True
  inference: stop       conf=0.353 time=7.1ms cmd=STOP fwd=True
  inference: stop       conf=0.353 time=7.8ms cmd=STOP fwd=True
  inference: stop       conf=0.353 time=7.9ms cmd=STOP fwd=True
  inference: stop       conf=0.353 time=6.8ms cmd=STOP fwd=True
  inference: stop       conf=0.348 time=7.5ms cmd=STOP fwd=True
  inference: stop       conf=0.348 time=8.0ms cmd=STOP fwd=True
  inference: stop       conf=0.334 time=7.2ms cmd=STOP fwd=True
  inference: stop       conf=0.334 time=9.1ms cmd=STOP fwd=True
  inference: stop       conf=0.354 time=8.1ms cmd=STOP fwd=True
  inference: stop       conf=0.353 time=7.4ms cmd=STOP fwd=True
  inference: stop       conf=0.348 time=8.0ms cmd=STOP fwd=True
  inference: stop       conf=0.348 time=7.0ms cmd=STOP fwd=True
  inference: stop       conf=0.334 time=7.1ms cmd=STOP fwd=True
  inference: stop       conf=0.348 time=7.7ms cmd=STOP fwd=True
  inference: stop       conf=0.353 time=7.0ms cmd=STOP fwd=True
  inference: stop       conf=0.348 time=8.0ms cmd=STOP fwd=True
  inference: stop       conf=0.348 time=7.4ms cmd=STOP fwd=True
  inference: stop       conf=0.354 time=7.6ms cmd=STOP fwd=True
  inference: stop       conf=0.348 time=9.5ms cmd=STOP fwd=True
  inference: stop       conf=0.348 time=14.3ms cmd=STOP fwd=True
  inference: stop       conf=0.354 time=11.9ms cmd=STOP fwd=True
  inference: stop       conf=0.353 time=8.9ms cmd=STOP fwd=True
  inference: stop       conf=0.354 time=8.0ms cmd=STOP fwd=True
  inference: stop       conf=0.348 time=9.2ms cmd=STOP fwd=True
  inference: stop       conf=0.354 time=9.3ms cmd=STOP fwd=True
  inference: stop       conf=0.348 time=11.4ms cmd=STOP fwd=True
  inference: stop       conf=0.348 time=6.8ms cmd=STOP fwd=True
  inference: stop       conf=0.348 time=7.4ms cmd=STOP fwd=True
  inference: stop       conf=0.348 time=7.0ms cmd=STOP fwd=True
  inference: stop       conf=0.348 time=6.7ms cmd=STOP fwd=True
  inference: stop       conf=0.334 time=6.9ms cmd=STOP fwd=True
  inference: stop       conf=0.353 time=8.5ms cmd=STOP fwd=True
  inference: stop       conf=0.353 time=6.8ms cmd=STOP fwd=True
  inference: stop       conf=0.348 time=7.0ms cmd=STOP fwd=True
  inference: stop       conf=0.348 time=7.6ms cmd=STOP fwd=True
  inference: stop       conf=0.348 time=7.4ms cmd=STOP fwd=True
  inference: stop       conf=0.348 time=10.3ms cmd=STOP fwd=True
  inference: stop       conf=0.348 time=10.3ms cmd=STOP fwd=True
  inference: stop       conf=0.354 time=7.0ms cmd=STOP fwd=True
  inference: stop       conf=0.348 time=9.9ms cmd=STOP fwd=True
  inference: stop       conf=0.348 time=7.7ms cmd=STOP fwd=True
  inference: stop       conf=0.348 time=7.0ms cmd=STOP fwd=True
  inference: stop       conf=0.354 time=7.7ms cmd=STOP fwd=True
  inference: stop       conf=0.353 time=9.9ms cmd=STOP fwd=True
  inference: stop       conf=0.354 time=6.8ms cmd=STOP fwd=True
  inference: stop       conf=0.334 time=8.4ms cmd=STOP fwd=True
  inference: stop       conf=0.353 time=6.7ms cmd=STOP fwd=True
  inference: stop       conf=0.348 time=6.7ms cmd=STOP fwd=True
  inference: stop       conf=0.354 time=7.3ms cmd=STOP fwd=True
  inference: stop       conf=0.348 time=8.0ms cmd=STOP fwd=True
  inference: stop       conf=0.353 time=7.3ms cmd=STOP fwd=True
  inference: stop       conf=0.348 time=6.9ms cmd=STOP fwd=True
  inference: stop       conf=0.354 time=6.9ms cmd=STOP fwd=True
  inference: stop       conf=0.348 time=7.5ms cmd=STOP fwd=True
  inference: stop       conf=0.348 time=7.9ms cmd=STOP fwd=True
  inference: stop       conf=0.348 time=8.2ms cmd=STOP fwd=True
  inference: stop       conf=0.353 time=6.8ms cmd=STOP fwd=True
  inference: stop       conf=0.354 time=9.1ms cmd=STOP fwd=True
  inference: stop       conf=0.353 time=6.8ms cmd=STOP fwd=True
  inference: stop       conf=0.348 time=6.6ms cmd=STOP fwd=True
  inference: stop       conf=0.348 time=7.7ms cmd=STOP fwd=True
  inference: stop       conf=0.348 time=6.6ms cmd=STOP fwd=True
  inference: stop       conf=0.348 time=7.2ms cmd=STOP fwd=True
  inference: stop       conf=0.348 time=7.0ms cmd=STOP fwd=True
  inference: stop       conf=0.334 time=7.4ms cmd=STOP fwd=True
  inference: stop       conf=0.353 time=7.3ms cmd=STOP fwd=True
  inference: stop       conf=0.354 time=7.2ms cmd=STOP fwd=True
  inference: stop       conf=0.334 time=8.0ms cmd=STOP fwd=True
  inference: stop       conf=0.334 time=10.5ms cmd=STOP fwd=True
  inference: stop       conf=0.348 time=7.7ms cmd=STOP fwd=True
  inference: stop       conf=0.348 time=7.4ms cmd=STOP fwd=True
  inference: stop       conf=0.334 time=9.8ms cmd=STOP fwd=True
  inference: stop       conf=0.348 time=7.4ms cmd=STOP fwd=True
  inference: stop       conf=0.348 time=10.1ms cmd=STOP fwd=True
  inference: stop       conf=0.353 time=7.4ms cmd=STOP fwd=True
  inference: stop       conf=0.334 time=7.4ms cmd=STOP fwd=True
  inference: stop       conf=0.353 time=8.4ms cmd=STOP fwd=True
  inference: stop       conf=0.353 time=6.7ms cmd=STOP fwd=True
  inference: stop       conf=0.354 time=7.8ms cmd=STOP fwd=True
  inference: stop       conf=0.353 time=12.0ms cmd=STOP fwd=True
  inference: stop       conf=0.348 time=10.9ms cmd=STOP fwd=True
  inference: stop       conf=0.348 time=7.0ms cmd=STOP fwd=True
  inference: stop       conf=0.348 time=7.6ms cmd=STOP fwd=True
  inference: stop       conf=0.354 time=7.0ms cmd=STOP fwd=True
  inference: stop       conf=0.348 time=7.2ms cmd=STOP fwd=True
  inference: stop       conf=0.334 time=7.9ms cmd=STOP fwd=True
  inference: stop       conf=0.348 time=7.1ms cmd=STOP fwd=True
  inference: stop       conf=0.353 time=9.3ms cmd=STOP fwd=True
  inference: stop       conf=0.354 time=7.2ms cmd=STOP fwd=True
  inference: stop       conf=0.348 time=6.8ms cmd=STOP fwd=True
  inference: stop       conf=0.353 time=7.1ms cmd=STOP fwd=True
  inference: stop       conf=0.353 time=8.1ms cmd=STOP fwd=True
  inference: stop       conf=0.348 time=7.5ms cmd=STOP fwd=True
  inference: stop       conf=0.348 time=8.3ms cmd=STOP fwd=True
  inference: stop       conf=0.353 time=8.1ms cmd=STOP fwd=True
  inference: stop       conf=0.353 time=7.0ms cmd=STOP fwd=True
  inference: stop       conf=0.354 time=7.7ms cmd=STOP fwd=True
  inference: stop       conf=0.348 time=8.6ms cmd=STOP fwd=True
  inference: stop       conf=0.353 time=7.4ms cmd=STOP fwd=True
  inference: stop       conf=0.334 time=8.3ms cmd=STOP fwd=True
  inference: stop       conf=0.353 time=7.3ms cmd=STOP fwd=True
  inference: stop       conf=0.348 time=9.0ms cmd=STOP fwd=True
  inference: stop       conf=0.353 time=10.6ms cmd=STOP fwd=True
  inference: stop       conf=0.334 time=7.5ms cmd=STOP fwd=True
  inference: stop       conf=0.353 time=6.8ms cmd=STOP fwd=True
  inference: stop       conf=0.334 time=8.1ms cmd=STOP fwd=True
  inference: stop       conf=0.348 time=7.8ms cmd=STOP fwd=True
  inference: stop       conf=0.348 time=8.7ms cmd=STOP fwd=True
  inference: stop       conf=0.353 time=6.9ms cmd=STOP fwd=True
  inference: stop       conf=0.348 time=7.7ms cmd=STOP fwd=True
  inference: stop       conf=0.353 time=6.9ms cmd=STOP fwd=True
  inference: stop       conf=0.334 time=7.2ms cmd=STOP fwd=True
  inference: stop       conf=0.353 time=7.3ms cmd=STOP fwd=True
  inference: stop       conf=0.348 time=10.3ms cmd=STOP fwd=True
  inference: stop       conf=0.348 time=7.1ms cmd=STOP fwd=True
  inference: stop       conf=0.354 time=6.8ms cmd=STOP fwd=True
  inference: stop       conf=0.353 time=7.1ms cmd=STOP fwd=True
  inference: stop       conf=0.334 time=7.6ms cmd=STOP fwd=True
  inference: stop       conf=0.354 time=7.1ms cmd=STOP fwd=True
  inference: stop       conf=0.354 time=7.6ms cmd=STOP fwd=True
  inference: stop       conf=0.348 time=6.8ms cmd=STOP fwd=True
  inference: stop       conf=0.348 time=8.0ms cmd=STOP fwd=True
  inference: stop       conf=0.353 time=8.0ms cmd=STOP fwd=True
  inference: stop       conf=0.334 time=6.9ms cmd=STOP fwd=True
  inference: stop       conf=0.354 time=7.8ms cmd=STOP fwd=True
  inference: stop       conf=0.353 time=7.1ms cmd=STOP fwd=True
  inference: stop       conf=0.353 time=7.3ms cmd=STOP fwd=True
  inference: stop       conf=0.334 time=8.4ms cmd=STOP fwd=True
  inference: stop       conf=0.348 time=7.1ms cmd=STOP fwd=True
  inference: stop       conf=0.348 time=8.1ms cmd=STOP fwd=True
  inference: stop       conf=0.348 time=7.1ms cmd=STOP fwd=True
  inference: stop       conf=0.354 time=7.7ms cmd=STOP fwd=True
  inference: stop       conf=0.348 time=7.1ms cmd=STOP fwd=True
  inference: stop       conf=0.334 time=7.7ms cmd=STOP fwd=True
  inference: stop       conf=0.348 time=7.0ms cmd=STOP fwd=True
  inference: stop       conf=0.348 time=7.5ms cmd=STOP fwd=True
  inference: stop       conf=0.348 time=6.8ms cmd=STOP fwd=True
  inference: stop       conf=0.348 time=8.1ms cmd=STOP fwd=True
  inference: stop       conf=0.348 time=7.1ms cmd=STOP fwd=True
  inference: stop       conf=0.353 time=6.9ms cmd=STOP fwd=True
  inference: stop       conf=0.348 time=8.0ms cmd=STOP fwd=True
  inference: stop       conf=0.334 time=9.0ms cmd=STOP fwd=True
  inference: stop       conf=0.348 time=8.1ms cmd=STOP fwd=True
  inference: stop       conf=0.348 time=7.0ms cmd=STOP fwd=True
  inference: stop       conf=0.354 time=7.4ms cmd=STOP fwd=True
  inference: stop       conf=0.348 time=7.1ms cmd=STOP fwd=True
  inference: stop       conf=0.348 time=6.8ms cmd=STOP fwd=True
  inference: stop       conf=0.348 time=8.5ms cmd=STOP fwd=True
  inference: stop       conf=0.353 time=7.5ms cmd=STOP fwd=True
  inference: stop       conf=0.348 time=11.1ms cmd=STOP fwd=True
  inference: stop       conf=0.348 time=8.1ms cmd=STOP fwd=True
  inference: stop       conf=0.348 time=7.1ms cmd=STOP fwd=True
  inference: stop       conf=0.354 time=7.1ms cmd=STOP fwd=True
  inference: stop       conf=0.354 time=7.8ms cmd=STOP fwd=True
  inference: stop       conf=0.353 time=6.8ms cmd=STOP fwd=True
  inference: stop       conf=0.348 time=6.9ms cmd=STOP fwd=True
  inference: stop       conf=0.353 time=8.3ms cmd=STOP fwd=True
  inference: stop       conf=0.353 time=7.3ms cmd=STOP fwd=True
  inference: stop       conf=0.348 time=8.1ms cmd=STOP fwd=True
  inference: stop       conf=0.353 time=7.6ms cmd=STOP fwd=True
  inference: stop       conf=0.348 time=6.9ms cmd=STOP fwd=True
  inference: stop       conf=0.348 time=8.1ms cmd=STOP fwd=True
  inference: stop       conf=0.348 time=7.8ms cmd=STOP fwd=True
  inference: stop       conf=0.334 time=7.9ms cmd=STOP fwd=True
  inference: stop       conf=0.353 time=7.4ms cmd=STOP fwd=True
  inference: stop       conf=0.348 time=7.3ms cmd=STOP fwd=True
  inference: stop       conf=0.353 time=6.6ms cmd=STOP fwd=True
  inference: stop       conf=0.348 time=7.1ms cmd=STOP fwd=True
  inference: stop       conf=0.354 time=7.0ms cmd=STOP fwd=True
  inference: stop       conf=0.348 time=9.6ms cmd=STOP fwd=True
  inference: stop       conf=0.348 time=7.4ms cmd=STOP fwd=True
  inference: stop       conf=0.353 time=7.5ms cmd=STOP fwd=True
  inference: stop       conf=0.348 time=7.6ms cmd=STOP fwd=True
  inference: stop       conf=0.354 time=10.7ms cmd=STOP fwd=True
  inference: stop       conf=0.348 time=6.8ms cmd=STOP fwd=True
  inference: stop       conf=0.353 time=7.3ms cmd=STOP fwd=True
  inference: stop       conf=0.353 time=9.1ms cmd=STOP fwd=True
  inference: stop       conf=0.353 time=7.2ms cmd=STOP fwd=True
  inference: stop       conf=0.334 time=7.3ms cmd=STOP fwd=True
  inference: stop       conf=0.354 time=10.0ms cmd=STOP fwd=True
  inference: stop       conf=0.354 time=14.4ms cmd=STOP fwd=True
  inference: stop       conf=0.353 time=11.9ms cmd=STOP fwd=True
  inference: stop       conf=0.348 time=10.4ms cmd=STOP fwd=True
  inference: stop       conf=0.348 time=7.6ms cmd=STOP fwd=True
  inference: stop       conf=0.353 time=7.0ms cmd=STOP fwd=True
  inference: stop       conf=0.334 time=8.0ms cmd=STOP fwd=True
  inference: stop       conf=0.353 time=8.2ms cmd=STOP fwd=True
  inference: stop       conf=0.348 time=7.1ms cmd=STOP fwd=True
  inference: stop       conf=0.353 time=7.5ms cmd=STOP fwd=True
  inference: stop       conf=0.354 time=9.4ms cmd=STOP fwd=True
  inference: stop       conf=0.354 time=8.6ms cmd=STOP fwd=True
  inference: stop       conf=0.348 time=8.0ms cmd=STOP fwd=True
  inference: stop       conf=0.353 time=8.0ms cmd=STOP fwd=True
  inference: stop       conf=0.334 time=6.8ms cmd=STOP fwd=True
  inference: stop       conf=0.348 time=6.9ms cmd=STOP fwd=True
  inference: stop       conf=0.334 time=7.1ms cmd=STOP fwd=True
  inference: stop       conf=0.334 time=13.7ms cmd=STOP fwd=True
  inference: stop       conf=0.348 time=10.7ms cmd=STOP fwd=True
  inference: stop       conf=0.353 time=9.8ms cmd=STOP fwd=True
  inference: stop       conf=0.348 time=6.9ms cmd=STOP fwd=True
  inference: stop       conf=0.334 time=6.9ms cmd=STOP fwd=True
  inference: stop       conf=0.353 time=7.5ms cmd=STOP fwd=True
  inference: stop       conf=0.348 time=8.8ms cmd=STOP fwd=True
  inference: stop       conf=0.353 time=10.2ms cmd=STOP fwd=True
  inference: stop       conf=0.348 time=6.8ms cmd=STOP fwd=True
  inference: stop       conf=0.348 time=7.0ms cmd=STOP fwd=True
  inference: stop       conf=0.348 time=7.2ms cmd=STOP fwd=True
  inference: stop       conf=0.348 time=7.5ms cmd=STOP fwd=True
  inference: stop       conf=0.348 time=7.0ms cmd=STOP fwd=True
  inference: stop       conf=0.353 time=7.9ms cmd=STOP fwd=True
  inference: stop       conf=0.348 time=8.4ms cmd=STOP fwd=True
  inference: stop       conf=0.334 time=8.5ms cmd=STOP fwd=True
  inference: stop       conf=0.348 time=7.8ms cmd=STOP fwd=True
  inference: stop       conf=0.334 time=7.9ms cmd=STOP fwd=True
  inference: stop       conf=0.348 time=8.1ms cmd=STOP fwd=True
  inference: stop       conf=0.348 time=7.8ms cmd=STOP fwd=True
  inference: stop       conf=0.353 time=7.9ms cmd=STOP fwd=True
  inference: stop       conf=0.354 time=7.4ms cmd=STOP fwd=True
  inference: stop       conf=0.348 time=8.8ms cmd=STOP fwd=True
  inference: stop       conf=0.353 time=8.4ms cmd=STOP fwd=True
  inference: stop       conf=0.348 time=7.7ms cmd=STOP fwd=True
  inference: stop       conf=0.353 time=8.2ms cmd=STOP fwd=True
  inference: stop       conf=0.348 time=7.7ms cmd=STOP fwd=True
  inference: stop       conf=0.348 time=7.9ms cmd=STOP fwd=True
  inference: stop       conf=0.348 time=8.1ms cmd=STOP fwd=True
  inference: stop       conf=0.334 time=7.2ms cmd=STOP fwd=True
  inference: stop       conf=0.348 time=7.7ms cmd=STOP fwd=True
  inference: stop       conf=0.354 time=7.1ms cmd=STOP fwd=True
  inference: stop       conf=0.348 time=7.2ms cmd=STOP fwd=True
  inference: stop       conf=0.334 time=7.9ms cmd=STOP fwd=True
  inference: stop       conf=0.353 time=10.6ms cmd=STOP fwd=True
  inference: stop       conf=0.353 time=9.8ms cmd=STOP fwd=True
  inference: stop       conf=0.348 time=6.9ms cmd=STOP fwd=True
  inference: stop       conf=0.354 time=7.1ms cmd=STOP fwd=True
  inference: stop       conf=0.348 time=9.2ms cmd=STOP fwd=True
  inference: stop       conf=0.334 time=8.5ms cmd=STOP fwd=True
  inference: stop       conf=0.353 time=8.9ms cmd=STOP fwd=True
  inference: stop       conf=0.353 time=8.0ms cmd=STOP fwd=True
  inference: stop       conf=0.348 time=6.8ms cmd=STOP fwd=True
  inference: stop       conf=0.348 time=7.6ms cmd=STOP fwd=True
  inference: stop       conf=0.348 time=10.2ms cmd=STOP fwd=True
  inference: stop       conf=0.348 time=9.8ms cmd=STOP fwd=True
  inference: stop       conf=0.353 time=7.2ms cmd=STOP fwd=True
  inference: stop       conf=0.348 time=7.9ms cmd=STOP fwd=True
  inference: stop       conf=0.348 time=6.5ms cmd=STOP fwd=True
  inference: stop       conf=0.334 time=8.5ms cmd=STOP fwd=True
  inference: stop       conf=0.348 time=9.8ms cmd=STOP fwd=True
  inference: stop       conf=0.354 time=7.2ms cmd=STOP fwd=True
  inference: stop       conf=0.334 time=7.9ms cmd=STOP fwd=True
  inference: stop       conf=0.334 time=8.0ms cmd=STOP fwd=True
  inference: stop       conf=0.353 time=8.7ms cmd=STOP fwd=True
  inference: stop       conf=0.353 time=9.0ms cmd=STOP fwd=True
  inference: stop       conf=0.353 time=7.5ms cmd=STOP fwd=True
  inference: stop       conf=0.354 time=7.2ms cmd=STOP fwd=True
  inference: stop       conf=0.353 time=7.7ms cmd=STOP fwd=True
  inference: stop       conf=0.334 time=7.0ms cmd=STOP fwd=True
  inference: stop       conf=0.348 time=6.4ms cmd=STOP fwd=True
  inference: stop       conf=0.348 time=7.7ms cmd=STOP fwd=True
  inference: up         conf=0.441 time=8.7ms cmd=NONE fwd=False
  inference: stop       conf=0.348 time=8.5ms cmd=STOP fwd=True
  inference: stop       conf=0.348 time=8.3ms cmd=STOP fwd=True
  inference: stop       conf=0.354 time=6.8ms cmd=STOP fwd=True
  inference: stop       conf=0.353 time=7.3ms cmd=STOP fwd=True
  inference: stop       conf=0.353 time=7.6ms cmd=STOP fwd=True
  inference: stop       conf=0.348 time=7.7ms cmd=STOP fwd=True
  inference: stop       conf=0.348 time=8.8ms cmd=STOP fwd=True
  inference: stop       conf=0.348 time=7.2ms cmd=STOP fwd=True
  inference: stop       conf=0.353 time=6.6ms cmd=STOP fwd=True
  inference: stop       conf=0.354 time=7.0ms cmd=STOP fwd=True
  inference: stop       conf=0.354 time=7.0ms cmd=STOP fwd=True
  inference: stop       conf=0.348 time=6.9ms cmd=STOP fwd=True
  inference: stop       conf=0.348 time=7.3ms cmd=STOP fwd=True
  inference: stop       conf=0.348 time=6.9ms cmd=STOP fwd=True
  inference: stop       conf=0.348 time=7.6ms cmd=STOP fwd=True
  inference: stop       conf=0.354 time=7.4ms cmd=STOP fwd=True
  inference: stop       conf=0.348 time=7.0ms cmd=STOP fwd=True
  inference: stop       conf=0.348 time=7.3ms cmd=STOP fwd=True
  inference: stop       conf=0.348 time=8.3ms cmd=STOP fwd=True
  inference: stop       conf=0.348 time=8.9ms cmd=STOP fwd=True
  inference: stop       conf=0.334 time=6.8ms cmd=STOP fwd=True
  inference: stop       conf=0.348 time=8.2ms cmd=STOP fwd=True
  inference: stop       conf=0.354 time=6.6ms cmd=STOP fwd=True
  inference: stop       conf=0.348 time=6.7ms cmd=STOP fwd=True
  inference: stop       conf=0.334 time=7.3ms cmd=STOP fwd=True
  inference: stop       conf=0.354 time=9.3ms cmd=STOP fwd=True
  inference: stop       conf=0.354 time=7.2ms cmd=STOP fwd=True
  inference: stop       conf=0.334 time=7.9ms cmd=STOP fwd=True
  inference: stop       conf=0.348 time=7.3ms cmd=STOP fwd=True
  inference: stop       conf=0.348 time=7.4ms cmd=STOP fwd=True
  inference: stop       conf=0.348 time=7.5ms cmd=STOP fwd=True
  inference: stop       conf=0.354 time=7.0ms cmd=STOP fwd=True
  inference: stop       conf=0.353 time=7.0ms cmd=STOP fwd=True
  inference: stop       conf=0.348 time=10.8ms cmd=STOP fwd=True
  inference: stop       conf=0.353 time=7.6ms cmd=STOP fwd=True
  inference: stop       conf=0.334 time=7.9ms cmd=STOP fwd=True
  inference: stop       conf=0.348 time=9.7ms cmd=STOP fwd=True
  inference: off        conf=0.376 time=9.8ms cmd=NONE fwd=False
  inference: stop       conf=0.354 time=8.0ms cmd=STOP fwd=True
  inference: stop       conf=0.334 time=8.8ms cmd=STOP fwd=True
  inference: stop       conf=0.334 time=7.4ms cmd=STOP fwd=True
  inference: stop       conf=0.354 time=8.5ms cmd=STOP fwd=True
  inference: stop       conf=0.348 time=7.1ms cmd=STOP fwd=True
  inference: stop       conf=0.334 time=7.0ms cmd=STOP fwd=True
  inference: stop       conf=0.348 time=7.2ms cmd=STOP fwd=True
  inference: stop       conf=0.353 time=7.3ms cmd=STOP fwd=True
  inference: stop       conf=0.348 time=8.0ms cmd=STOP fwd=True
  inference: stop       conf=0.354 time=7.5ms cmd=STOP fwd=True
  inference: stop       conf=0.354 time=9.6ms cmd=STOP fwd=True
  inference: stop       conf=0.353 time=9.0ms cmd=STOP fwd=True
  inference: stop       conf=0.354 time=6.9ms cmd=STOP fwd=True
  inference: stop       conf=0.354 time=9.7ms cmd=STOP fwd=True
  inference: stop       conf=0.353 time=7.5ms cmd=STOP fwd=True
  inference: stop       conf=0.348 time=7.7ms cmd=STOP fwd=True
  inference: stop       conf=0.334 time=8.0ms cmd=STOP fwd=True
  inference: stop       conf=0.353 time=6.6ms cmd=STOP fwd=True
  inference: stop       conf=0.334 time=8.2ms cmd=STOP fwd=True
  inference: stop       conf=0.353 time=7.1ms cmd=STOP fwd=True
  inference: stop       conf=0.348 time=6.7ms cmd=STOP fwd=True
  inference: stop       conf=0.348 time=9.5ms cmd=STOP fwd=True
  inference: stop       conf=0.334 time=7.5ms cmd=STOP fwd=True
  inference: stop       conf=0.348 time=7.8ms cmd=STOP fwd=True
  inference: stop       conf=0.353 time=7.1ms cmd=STOP fwd=True
  inference: stop       conf=0.353 time=7.8ms cmd=STOP fwd=True
  inference: stop       conf=0.354 time=7.2ms cmd=STOP fwd=True
  inference: stop       conf=0.348 time=8.2ms cmd=STOP fwd=True
  inference: stop       conf=0.354 time=7.5ms cmd=STOP fwd=True
  inference: stop       conf=0.353 time=10.7ms cmd=STOP fwd=True
  inference: stop       conf=0.334 time=11.8ms cmd=STOP fwd=True
  inference: stop       conf=0.353 time=7.2ms cmd=STOP fwd=True
  inference: stop       conf=0.354 time=7.4ms cmd=STOP fwd=True
  inference: stop       conf=0.353 time=7.8ms cmd=STOP fwd=True
  inference: stop       conf=0.348 time=6.7ms cmd=STOP fwd=True
  inference: stop       conf=0.348 time=7.8ms cmd=STOP fwd=True
  inference: stop       conf=0.353 time=7.8ms cmd=STOP fwd=True
  inference: stop       conf=0.348 time=13.6ms cmd=STOP fwd=True
  inference: stop       conf=0.353 time=8.1ms cmd=STOP fwd=True
  inference: stop       conf=0.353 time=9.7ms cmd=STOP fwd=True
  inference: stop       conf=0.348 time=6.5ms cmd=STOP fwd=True
  inference: stop       conf=0.348 time=7.4ms cmd=STOP fwd=True
  inference: stop       conf=0.348 time=8.1ms cmd=STOP fwd=True
  inference: stop       conf=0.348 time=8.3ms cmd=STOP fwd=True
  inference: stop       conf=0.348 time=9.8ms cmd=STOP fwd=True
  inference: stop       conf=0.348 time=11.0ms cmd=STOP fwd=True
  inference: stop       conf=0.354 time=10.5ms cmd=STOP fwd=True
  inference: stop       conf=0.348 time=7.8ms cmd=STOP fwd=True
  inference: stop       conf=0.348 time=8.3ms cmd=STOP fwd=True
  inference: stop       conf=0.353 time=7.4ms cmd=STOP fwd=True
  inference: stop       conf=0.348 time=7.9ms cmd=STOP fwd=True
  inference: stop       conf=0.348 time=8.0ms cmd=STOP fwd=True
  inference: stop       conf=0.348 time=7.5ms cmd=STOP fwd=True
  inference: stop       conf=0.348 time=7.4ms cmd=STOP fwd=True
  inference: stop       conf=0.348 time=8.2ms cmd=STOP fwd=True
  inference: stop       conf=0.353 time=6.7ms cmd=STOP fwd=True
  inference: stop       conf=0.334 time=7.1ms cmd=STOP fwd=True
  inference: stop       conf=0.353 time=7.6ms cmd=STOP fwd=True
  inference: stop       conf=0.334 time=8.5ms cmd=STOP fwd=True
  inference: stop       conf=0.354 time=8.8ms cmd=STOP fwd=True
  inference: stop       conf=0.353 time=7.0ms cmd=STOP fwd=True
  inference: stop       conf=0.348 time=7.9ms cmd=STOP fwd=True
  inference: stop       conf=0.334 time=7.5ms cmd=STOP fwd=True
  inference: stop       conf=0.353 time=6.8ms cmd=STOP fwd=True
  inference: stop       conf=0.348 time=9.4ms cmd=STOP fwd=True
  inference: stop       conf=0.348 time=7.9ms cmd=STOP fwd=True
  inference: stop       conf=0.348 time=9.0ms cmd=STOP fwd=True
  inference: stop       conf=0.353 time=8.5ms cmd=STOP fwd=True
  inference: stop       conf=0.353 time=7.4ms cmd=STOP fwd=True
  inference: stop       conf=0.354 time=10.9ms cmd=STOP fwd=True
  inference: stop       conf=0.354 time=10.1ms cmd=STOP fwd=True
  inference: stop       conf=0.334 time=10.2ms cmd=STOP fwd=True
  inference: stop       conf=0.353 time=7.5ms cmd=STOP fwd=True
  inference: stop       conf=0.354 time=7.4ms cmd=STOP fwd=True
  inference: stop       conf=0.348 time=7.8ms cmd=STOP fwd=True
  inference: stop       conf=0.353 time=7.6ms cmd=STOP fwd=True
  inference: stop       conf=0.353 time=8.8ms cmd=STOP fwd=True
  inference: stop       conf=0.334 time=8.8ms cmd=STOP fwd=True
  inference: stop       conf=0.348 time=6.9ms cmd=STOP fwd=True
  inference: stop       conf=0.348 time=6.9ms cmd=STOP fwd=True
  inference: stop       conf=0.348 time=6.9ms cmd=STOP fwd=True
  inference: stop       conf=0.353 time=8.0ms cmd=STOP fwd=True
  inference: stop       conf=0.353 time=8.0ms cmd=STOP fwd=True
  inference: stop       conf=0.334 time=7.4ms cmd=STOP fwd=True
  inference: stop       conf=0.354 time=8.3ms cmd=STOP fwd=True
  inference: stop       conf=0.334 time=7.4ms cmd=STOP fwd=True
  inference: stop       conf=0.348 time=7.3ms cmd=STOP fwd=True
  inference: stop       conf=0.348 time=8.5ms cmd=STOP fwd=True
  inference: stop       conf=0.348 time=9.1ms cmd=STOP fwd=True
  inference: stop       conf=0.348 time=8.6ms cmd=STOP fwd=True
  inference: stop       conf=0.353 time=7.3ms cmd=STOP fwd=True
  inference: stop       conf=0.348 time=6.8ms cmd=STOP fwd=True
  inference: stop       conf=0.348 time=7.5ms cmd=STOP fwd=True
  inference: stop       conf=0.348 time=8.9ms cmd=STOP fwd=True
  inference: stop       conf=0.334 time=9.8ms cmd=STOP fwd=True
  inference: stop       conf=0.354 time=10.4ms cmd=STOP fwd=True
  inference: stop       conf=0.353 time=8.5ms cmd=STOP fwd=True
  inference: stop       conf=0.353 time=8.0ms cmd=STOP fwd=True
  inference: stop       conf=0.353 time=7.6ms cmd=STOP fwd=True
  inference: stop       conf=0.353 time=8.5ms cmd=STOP fwd=True
  inference: stop       conf=0.348 time=8.5ms cmd=STOP fwd=True
  inference: stop       conf=0.353 time=8.7ms cmd=STOP fwd=True
  inference: stop       conf=0.348 time=7.1ms cmd=STOP fwd=True
  inference: stop       conf=0.348 time=7.6ms cmd=STOP fwd=True
  inference: stop       conf=0.348 time=6.9ms cmd=STOP fwd=True
  inference: stop       conf=0.334 time=10.7ms cmd=STOP fwd=True
  inference: stop       conf=0.348 time=6.9ms cmd=STOP fwd=True
  inference: stop       conf=0.353 time=6.7ms cmd=STOP fwd=True
  inference: stop       conf=0.348 time=8.3ms cmd=STOP fwd=True
  inference: stop       conf=0.348 time=8.1ms cmd=STOP fwd=True
  inference: stop       conf=0.334 time=9.9ms cmd=STOP fwd=True
  inference: stop       conf=0.348 time=7.7ms cmd=STOP fwd=True
  inference: stop       conf=0.348 time=7.3ms cmd=STOP fwd=True
  inference: stop       conf=0.348 time=8.1ms cmd=STOP fwd=True
  inference: stop       conf=0.353 time=8.3ms cmd=STOP fwd=True
  inference: stop       conf=0.353 time=10.1ms cmd=STOP fwd=True
  inference: stop       conf=0.348 time=7.3ms cmd=STOP fwd=True
  inference: stop       conf=0.348 time=6.6ms cmd=STOP fwd=True
  inference: stop       conf=0.353 time=6.5ms cmd=STOP fwd=True
  inference: stop       conf=0.348 time=7.5ms cmd=STOP fwd=True
  inference: stop       conf=0.334 time=7.2ms cmd=STOP fwd=True
  inference: stop       conf=0.354 time=6.8ms cmd=STOP fwd=True
  inference: stop       conf=0.348 time=8.1ms cmd=STOP fwd=True
  inference: stop       conf=0.348 time=7.6ms cmd=STOP fwd=True
  inference: stop       conf=0.354 time=7.8ms cmd=STOP fwd=True
  inference: stop       conf=0.334 time=8.8ms cmd=STOP fwd=True
  inference: stop       conf=0.353 time=9.3ms cmd=STOP fwd=True
  inference: stop       conf=0.348 time=7.5ms cmd=STOP fwd=True
  inference: stop       conf=0.348 time=7.4ms cmd=STOP fwd=True
  inference: stop       conf=0.353 time=8.5ms cmd=STOP fwd=True
  inference: stop       conf=0.353 time=8.3ms cmd=STOP fwd=True
  inference: stop       conf=0.348 time=6.7ms cmd=STOP fwd=True
  inference: stop       conf=0.348 time=8.3ms cmd=STOP fwd=True
  inference: stop       conf=0.353 time=7.5ms cmd=STOP fwd=True
  inference: stop       conf=0.353 time=9.6ms cmd=STOP fwd=True
  inference: stop       conf=0.353 time=8.8ms cmd=STOP fwd=True
  inference: stop       conf=0.353 time=7.8ms cmd=STOP fwd=True
  inference: stop       conf=0.353 time=10.9ms cmd=STOP fwd=True
  inference: stop       conf=0.354 time=7.7ms cmd=STOP fwd=True
  inference: stop       conf=0.334 time=6.9ms cmd=STOP fwd=True
  inference: stop       conf=0.348 time=7.4ms cmd=STOP fwd=True
  inference: stop       conf=0.354 time=6.9ms cmd=STOP fwd=True
  inference: stop       conf=0.353 time=8.8ms cmd=STOP fwd=True
  inference: stop       conf=0.353 time=7.8ms cmd=STOP fwd=True
  inference: stop       conf=0.354 time=7.6ms cmd=STOP fwd=True
  inference: up         conf=0.889 time=6.3ms cmd=NONE fwd=False
  inference: stop       conf=0.334 time=10.7ms cmd=STOP fwd=True
  inference: stop       conf=0.334 time=6.8ms cmd=STOP fwd=True
  inference: stop       conf=0.348 time=6.6ms cmd=STOP fwd=True
  inference: stop       conf=0.348 time=8.4ms cmd=STOP fwd=True
  inference: stop       conf=0.354 time=7.0ms cmd=STOP fwd=True
  inference: stop       conf=0.354 time=7.0ms cmd=STOP fwd=True
  inference: stop       conf=0.348 time=9.3ms cmd=STOP fwd=True
  inference: stop       conf=0.348 time=7.6ms cmd=STOP fwd=True
  inference: stop       conf=0.348 time=8.3ms cmd=STOP fwd=True
  inference: stop       conf=0.354 time=9.5ms cmd=STOP fwd=True
  inference: stop       conf=0.354 time=6.6ms cmd=STOP fwd=True
  inference: up         conf=0.377 time=7.3ms cmd=NONE fwd=False
  inference: stop       conf=0.348 time=9.5ms cmd=STOP fwd=True
  inference: stop       conf=0.353 time=7.7ms cmd=STOP fwd=True
  inference: stop       conf=0.353 time=7.4ms cmd=STOP fwd=True
  inference: stop       conf=0.334 time=9.7ms cmd=STOP fwd=True

nodeB: Duration complete; shutting down ...

============================================================
  Node B Summary — Precision: FP32
============================================================
  Packets received:    968
  Inferences run:      484
  Commands forwarded:  480

  recv          min=0.05ms  avg=0.12ms  max=0.58ms  p99=0.43ms  n=968
  inference     min=6.32ms  avg=7.98ms  max=14.45ms  p99=12.23ms  n=484
  send          min=0.05ms  avg=0.11ms  max=0.53ms  p99=0.29ms  n=480

  Overruns: 5 total
    send: 5
============================================================
