nodeB: Loading model superb/wav2vec2-base-superb-ks ...
nodeB: Precision = FP16
nodeB: Using GPU — NVIDIA GeForce RTX 5060 Ti
nodeB: Model converted to FP16
nodeB: Running warm-up inference ...
nodeB: Warm-up complete.

nodeB: Listening on 0.0.0.0:5001
nodeB: Sending to 127.0.0.1:5002
nodeB: Results -> finalresults\hybrid_fp16_baseline
nodeB: All tasks running. Press Ctrl+C to stop.

  inference: stop       conf=0.382 time=18.7ms cmd=STOP fwd=True
  inference: stop       conf=0.384 time=10.4ms cmd=STOP fwd=True
  inference: stop       conf=0.377 time=12.4ms cmd=STOP fwd=True
  inference: stop       conf=0.377 time=8.7ms cmd=STOP fwd=True
  inference: stop       conf=0.384 time=9.3ms cmd=STOP fwd=True
  inference: stop       conf=0.382 time=10.6ms cmd=STOP fwd=True
  inference: stop       conf=0.382 time=8.4ms cmd=STOP fwd=True
  inference: stop       conf=0.384 time=12.1ms cmd=STOP fwd=True
  inference: stop       conf=0.382 time=7.4ms cmd=STOP fwd=True
  inference: stop       conf=0.386 time=10.4ms cmd=STOP fwd=True
  inference: stop       conf=0.371 time=10.2ms cmd=STOP fwd=True
  inference: stop       conf=0.377 time=12.5ms cmd=STOP fwd=True
  inference: stop       conf=0.377 time=11.2ms cmd=STOP fwd=True
  inference: stop       conf=0.386 time=8.2ms cmd=STOP fwd=True
  inference: stop       conf=0.371 time=12.7ms cmd=STOP fwd=True
  inference: stop       conf=0.386 time=8.6ms cmd=STOP fwd=True
  inference: stop       conf=0.382 time=10.7ms cmd=STOP fwd=True
  inference: stop       conf=0.384 time=7.5ms cmd=STOP fwd=True
  inference: stop       conf=0.384 time=8.6ms cmd=STOP fwd=True
  inference: stop       conf=0.384 time=8.6ms cmd=STOP fwd=True
  inference: stop       conf=0.377 time=8.3ms cmd=STOP fwd=True
  inference: stop       conf=0.386 time=7.7ms cmd=STOP fwd=True
  inference: stop       conf=0.386 time=6.8ms cmd=STOP fwd=True
  inference: stop       conf=0.377 time=9.0ms cmd=STOP fwd=True
  inference: stop       conf=0.384 time=7.8ms cmd=STOP fwd=True
  inference: stop       conf=0.386 time=7.1ms cmd=STOP fwd=True
  inference: stop       conf=0.382 time=8.4ms cmd=STOP fwd=True
  inference: stop       conf=0.371 time=7.4ms cmd=STOP fwd=True
  inference: stop       conf=0.384 time=6.9ms cmd=STOP fwd=True
  inference: stop       conf=0.382 time=7.2ms cmd=STOP fwd=True
  inference: stop       conf=0.382 time=8.9ms cmd=STOP fwd=True
  inference: stop       conf=0.382 time=6.9ms cmd=STOP fwd=True
  inference: stop       conf=0.377 time=8.5ms cmd=STOP fwd=True
  inference: stop       conf=0.377 time=6.7ms cmd=STOP fwd=True
  inference: stop       conf=0.386 time=7.6ms cmd=STOP fwd=True
  inference: stop       conf=0.386 time=8.1ms cmd=STOP fwd=True
  inference: stop       conf=0.386 time=6.7ms cmd=STOP fwd=True
  inference: stop       conf=0.384 time=7.3ms cmd=STOP fwd=True
  inference: stop       conf=0.382 time=8.4ms cmd=STOP fwd=True
  inference: stop       conf=0.371 time=6.8ms cmd=STOP fwd=True
  inference: stop       conf=0.386 time=7.3ms cmd=STOP fwd=True
  inference: stop       conf=0.377 time=8.3ms cmd=STOP fwd=True
  inference: stop       conf=0.384 time=7.3ms cmd=STOP fwd=True
  inference: stop       conf=0.386 time=10.2ms cmd=STOP fwd=True
  inference: stop       conf=0.386 time=7.6ms cmd=STOP fwd=True
  inference: stop       conf=0.371 time=7.6ms cmd=STOP fwd=True
  inference: stop       conf=0.382 time=8.5ms cmd=STOP fwd=True
  inference: stop       conf=0.384 time=11.4ms cmd=STOP fwd=True
  inference: stop       conf=0.386 time=6.8ms cmd=STOP fwd=True
  inference: stop       conf=0.386 time=8.4ms cmd=STOP fwd=True
  inference: stop       conf=0.386 time=7.5ms cmd=STOP fwd=True
  inference: stop       conf=0.382 time=6.8ms cmd=STOP fwd=True
  inference: stop       conf=0.382 time=7.2ms cmd=STOP fwd=True
  inference: stop       conf=0.386 time=8.5ms cmd=STOP fwd=True
  inference: stop       conf=0.377 time=7.2ms cmd=STOP fwd=True
  inference: stop       conf=0.382 time=7.8ms cmd=STOP fwd=True
  inference: stop       conf=0.384 time=8.2ms cmd=STOP fwd=True
  inference: stop       conf=0.384 time=6.8ms cmd=STOP fwd=True
  inference: stop       conf=0.371 time=10.0ms cmd=STOP fwd=True
  inference: stop       conf=0.386 time=12.6ms cmd=STOP fwd=True
  inference: stop       conf=0.377 time=12.0ms cmd=STOP fwd=True
  inference: stop       conf=0.377 time=9.4ms cmd=STOP fwd=True
  inference: stop       conf=0.382 time=9.8ms cmd=STOP fwd=True
  inference: stop       conf=0.384 time=7.0ms cmd=STOP fwd=True
  inference: stop       conf=0.371 time=7.8ms cmd=STOP fwd=True
  inference: stop       conf=0.382 time=7.9ms cmd=STOP fwd=True
  inference: stop       conf=0.384 time=10.1ms cmd=STOP fwd=True
  inference: stop       conf=0.371 time=12.2ms cmd=STOP fwd=True
  inference: stop       conf=0.382 time=8.6ms cmd=STOP fwd=True
  inference: stop       conf=0.382 time=7.6ms cmd=STOP fwd=True
  inference: stop       conf=0.382 time=10.2ms cmd=STOP fwd=True
  inference: stop       conf=0.386 time=10.9ms cmd=STOP fwd=True
  inference: stop       conf=0.382 time=8.0ms cmd=STOP fwd=True
  inference: stop       conf=0.386 time=8.9ms cmd=STOP fwd=True
  inference: stop       conf=0.386 time=6.9ms cmd=STOP fwd=True
  inference: stop       conf=0.371 time=7.1ms cmd=STOP fwd=True
  inference: stop       conf=0.382 time=7.7ms cmd=STOP fwd=True
  inference: stop       conf=0.384 time=7.6ms cmd=STOP fwd=True
  inference: stop       conf=0.386 time=6.9ms cmd=STOP fwd=True
  inference: stop       conf=0.386 time=7.7ms cmd=STOP fwd=True
  inference: stop       conf=0.377 time=6.8ms cmd=STOP fwd=True
  inference: stop       conf=0.386 time=7.8ms cmd=STOP fwd=True
  inference: stop       conf=0.382 time=8.4ms cmd=STOP fwd=True
  inference: stop       conf=0.384 time=6.8ms cmd=STOP fwd=True
  inference: stop       conf=0.382 time=7.8ms cmd=STOP fwd=True
  inference: stop       conf=0.377 time=7.1ms cmd=STOP fwd=True
  inference: stop       conf=0.382 time=7.1ms cmd=STOP fwd=True
  inference: stop       conf=0.382 time=7.7ms cmd=STOP fwd=True
  inference: stop       conf=0.382 time=6.9ms cmd=STOP fwd=True
  inference: stop       conf=0.382 time=7.1ms cmd=STOP fwd=True
  inference: stop       conf=0.377 time=7.5ms cmd=STOP fwd=True
  inference: stop       conf=0.382 time=7.1ms cmd=STOP fwd=True
  inference: stop       conf=0.382 time=12.2ms cmd=STOP fwd=True
  inference: stop       conf=0.382 time=7.0ms cmd=STOP fwd=True
  inference: stop       conf=0.382 time=6.8ms cmd=STOP fwd=True
  inference: stop       conf=0.386 time=8.0ms cmd=STOP fwd=True
  inference: stop       conf=0.386 time=6.7ms cmd=STOP fwd=True
  inference: stop       conf=0.386 time=7.0ms cmd=STOP fwd=True
  inference: stop       conf=0.386 time=8.0ms cmd=STOP fwd=True
  inference: stop       conf=0.382 time=7.3ms cmd=STOP fwd=True
  inference: stop       conf=0.382 time=11.0ms cmd=STOP fwd=True
  inference: stop       conf=0.377 time=8.1ms cmd=STOP fwd=True
  inference: stop       conf=0.386 time=7.0ms cmd=STOP fwd=True
  inference: stop       conf=0.386 time=7.2ms cmd=STOP fwd=True
  inference: stop       conf=0.377 time=7.8ms cmd=STOP fwd=True
  inference: stop       conf=0.382 time=7.2ms cmd=STOP fwd=True
  inference: stop       conf=0.386 time=7.5ms cmd=STOP fwd=True
  inference: stop       conf=0.371 time=7.3ms cmd=STOP fwd=True
  inference: stop       conf=0.384 time=6.9ms cmd=STOP fwd=True
  inference: stop       conf=0.386 time=7.8ms cmd=STOP fwd=True
  inference: stop       conf=0.386 time=7.4ms cmd=STOP fwd=True
  inference: stop       conf=0.377 time=7.0ms cmd=STOP fwd=True
  inference: stop       conf=0.386 time=8.1ms cmd=STOP fwd=True
  inference: stop       conf=0.371 time=7.0ms cmd=STOP fwd=True
  inference: stop       conf=0.386 time=7.6ms cmd=STOP fwd=True
  inference: stop       conf=0.382 time=6.7ms cmd=STOP fwd=True
  inference: stop       conf=0.386 time=9.7ms cmd=STOP fwd=True
  inference: stop       conf=0.371 time=7.7ms cmd=STOP fwd=True
  inference: stop       conf=0.382 time=6.6ms cmd=STOP fwd=True
  inference: stop       conf=0.382 time=6.9ms cmd=STOP fwd=True
  inference: stop       conf=0.371 time=7.6ms cmd=STOP fwd=True
  inference: stop       conf=0.377 time=6.9ms cmd=STOP fwd=True
  inference: stop       conf=0.386 time=7.4ms cmd=STOP fwd=True
  inference: stop       conf=0.382 time=7.3ms cmd=STOP fwd=True
  inference: stop       conf=0.384 time=6.8ms cmd=STOP fwd=True
  inference: stop       conf=0.382 time=7.1ms cmd=STOP fwd=True
  inference: stop       conf=0.386 time=8.3ms cmd=STOP fwd=True
  inference: on         conf=0.424 time=7.5ms cmd=NONE fwd=False
  inference: stop       conf=0.386 time=8.4ms cmd=STOP fwd=True
  inference: stop       conf=0.382 time=9.9ms cmd=STOP fwd=True
  inference: stop       conf=0.382 time=8.0ms cmd=STOP fwd=True
  inference: stop       conf=0.386 time=7.6ms cmd=STOP fwd=True
  inference: stop       conf=0.382 time=7.9ms cmd=STOP fwd=True
  inference: stop       conf=0.384 time=8.4ms cmd=STOP fwd=True
  inference: stop       conf=0.382 time=6.6ms cmd=STOP fwd=True
  inference: stop       conf=0.384 time=8.0ms cmd=STOP fwd=True
  inference: stop       conf=0.382 time=6.7ms cmd=STOP fwd=True
  inference: stop       conf=0.377 time=7.0ms cmd=STOP fwd=True
  inference: stop       conf=0.377 time=7.1ms cmd=STOP fwd=True
  inference: stop       conf=0.382 time=6.8ms cmd=STOP fwd=True
  inference: stop       conf=0.386 time=7.4ms cmd=STOP fwd=True
  inference: stop       conf=0.371 time=8.4ms cmd=STOP fwd=True
  inference: stop       conf=0.377 time=6.9ms cmd=STOP fwd=True
  inference: stop       conf=0.377 time=7.2ms cmd=STOP fwd=True
  inference: stop       conf=0.382 time=7.8ms cmd=STOP fwd=True
  inference: stop       conf=0.382 time=6.7ms cmd=STOP fwd=True
  inference: stop       conf=0.384 time=8.4ms cmd=STOP fwd=True
  inference: stop       conf=0.384 time=14.2ms cmd=STOP fwd=True
  inference: stop       conf=0.384 time=9.2ms cmd=STOP fwd=True
  inference: stop       conf=0.382 time=6.9ms cmd=STOP fwd=True
  inference: stop       conf=0.382 time=7.1ms cmd=STOP fwd=True
  inference: stop       conf=0.371 time=7.1ms cmd=STOP fwd=True
  inference: stop       conf=0.382 time=7.8ms cmd=STOP fwd=True
  inference: stop       conf=0.377 time=6.9ms cmd=STOP fwd=True
  inference: stop       conf=0.377 time=10.5ms cmd=STOP fwd=True
  inference: stop       conf=0.377 time=7.7ms cmd=STOP fwd=True
  inference: stop       conf=0.382 time=7.6ms cmd=STOP fwd=True
  inference: stop       conf=0.382 time=7.0ms cmd=STOP fwd=True
  inference: stop       conf=0.386 time=17.7ms cmd=STOP fwd=True
  inference: stop       conf=0.377 time=16.5ms cmd=STOP fwd=True
  inference: stop       conf=0.386 time=18.1ms cmd=STOP fwd=True
  inference: stop       conf=0.386 time=17.4ms cmd=STOP fwd=True
  inference: stop       conf=0.382 time=7.6ms cmd=STOP fwd=True
  inference: stop       conf=0.386 time=6.6ms cmd=STOP fwd=True
  inference: stop       conf=0.386 time=8.2ms cmd=STOP fwd=True
  inference: stop       conf=0.377 time=6.8ms cmd=STOP fwd=True
  inference: stop       conf=0.377 time=10.6ms cmd=STOP fwd=True
  inference: stop       conf=0.386 time=14.0ms cmd=STOP fwd=True
  inference: stop       conf=0.371 time=9.2ms cmd=STOP fwd=True
  inference: stop       conf=0.386 time=10.5ms cmd=STOP fwd=True
  inference: stop       conf=0.382 time=9.2ms cmd=STOP fwd=True
  inference: stop       conf=0.377 time=9.9ms cmd=STOP fwd=True
  inference: stop       conf=0.382 time=7.4ms cmd=STOP fwd=True
  inference: stop       conf=0.382 time=7.1ms cmd=STOP fwd=True
  inference: stop       conf=0.384 time=12.6ms cmd=STOP fwd=True
  inference: stop       conf=0.386 time=11.0ms cmd=STOP fwd=True
  inference: stop       conf=0.384 time=12.3ms cmd=STOP fwd=True
  inference: stop       conf=0.382 time=9.0ms cmd=STOP fwd=True
  inference: stop       conf=0.371 time=11.3ms cmd=STOP fwd=True
  inference: stop       conf=0.382 time=12.7ms cmd=STOP fwd=True
  inference: stop       conf=0.382 time=6.9ms cmd=STOP fwd=True
  inference: stop       conf=0.386 time=6.7ms cmd=STOP fwd=True
  inference: stop       conf=0.371 time=6.7ms cmd=STOP fwd=True
  inference: stop       conf=0.382 time=7.6ms cmd=STOP fwd=True
  inference: stop       conf=0.371 time=9.6ms cmd=STOP fwd=True
  inference: stop       conf=0.382 time=11.2ms cmd=STOP fwd=True
  inference: stop       conf=0.382 time=10.1ms cmd=STOP fwd=True
  inference: stop       conf=0.382 time=7.6ms cmd=STOP fwd=True
  inference: stop       conf=0.382 time=8.0ms cmd=STOP fwd=True
  inference: stop       conf=0.386 time=7.5ms cmd=STOP fwd=True
  inference: stop       conf=0.382 time=7.2ms cmd=STOP fwd=True
  inference: stop       conf=0.386 time=7.9ms cmd=STOP fwd=True
  inference: stop       conf=0.386 time=8.2ms cmd=STOP fwd=True
  inference: stop       conf=0.371 time=11.8ms cmd=STOP fwd=True
  inference: stop       conf=0.384 time=11.3ms cmd=STOP fwd=True
  inference: stop       conf=0.377 time=7.3ms cmd=STOP fwd=True
  inference: stop       conf=0.384 time=7.4ms cmd=STOP fwd=True
  inference: stop       conf=0.382 time=7.6ms cmd=STOP fwd=True
  inference: stop       conf=0.386 time=6.8ms cmd=STOP fwd=True
  inference: stop       conf=0.382 time=7.0ms cmd=STOP fwd=True
  inference: stop       conf=0.371 time=6.7ms cmd=STOP fwd=True
  inference: stop       conf=0.384 time=7.5ms cmd=STOP fwd=True
  inference: stop       conf=0.382 time=7.6ms cmd=STOP fwd=True
  inference: stop       conf=0.382 time=8.8ms cmd=STOP fwd=True
  inference: stop       conf=0.371 time=6.7ms cmd=STOP fwd=True
  inference: stop       conf=0.377 time=7.5ms cmd=STOP fwd=True
  inference: stop       conf=0.386 time=6.6ms cmd=STOP fwd=True
  inference: stop       conf=0.382 time=6.6ms cmd=STOP fwd=True
  inference: stop       conf=0.377 time=8.5ms cmd=STOP fwd=True
  inference: stop       conf=0.386 time=10.3ms cmd=STOP fwd=True
  inference: stop       conf=0.384 time=6.8ms cmd=STOP fwd=True
  inference: stop       conf=0.386 time=7.8ms cmd=STOP fwd=True
  inference: stop       conf=0.386 time=6.6ms cmd=STOP fwd=True
  inference: stop       conf=0.384 time=7.3ms cmd=STOP fwd=True
  inference: stop       conf=0.382 time=7.6ms cmd=STOP fwd=True
  inference: stop       conf=0.386 time=7.8ms cmd=STOP fwd=True
  inference: stop       conf=0.382 time=7.1ms cmd=STOP fwd=True
  inference: stop       conf=0.384 time=6.8ms cmd=STOP fwd=True
  inference: stop       conf=0.371 time=7.4ms cmd=STOP fwd=True
  inference: stop       conf=0.386 time=7.0ms cmd=STOP fwd=True
  inference: stop       conf=0.371 time=8.0ms cmd=STOP fwd=True
  inference: stop       conf=0.377 time=8.5ms cmd=STOP fwd=True
  inference: stop       conf=0.377 time=6.7ms cmd=STOP fwd=True
  inference: stop       conf=0.371 time=7.9ms cmd=STOP fwd=True
  inference: stop       conf=0.384 time=9.6ms cmd=STOP fwd=True
  inference: stop       conf=0.386 time=6.7ms cmd=STOP fwd=True
  inference: stop       conf=0.382 time=20.6ms cmd=STOP fwd=True
  inference: stop       conf=0.386 time=15.9ms cmd=STOP fwd=True
  inference: stop       conf=0.377 time=18.8ms cmd=STOP fwd=True
  inference: stop       conf=0.382 time=7.6ms cmd=STOP fwd=True
  inference: stop       conf=0.386 time=7.6ms cmd=STOP fwd=True
  inference: stop       conf=0.384 time=7.5ms cmd=STOP fwd=True
  inference: stop       conf=0.386 time=7.3ms cmd=STOP fwd=True
  inference: stop       conf=0.377 time=6.8ms cmd=STOP fwd=True
  inference: stop       conf=0.384 time=6.6ms cmd=STOP fwd=True
  inference: stop       conf=0.382 time=7.1ms cmd=STOP fwd=True
  inference: stop       conf=0.371 time=6.9ms cmd=STOP fwd=True
  inference: stop       conf=0.386 time=6.6ms cmd=STOP fwd=True
  inference: stop       conf=0.371 time=7.0ms cmd=STOP fwd=True
  inference: stop       conf=0.382 time=6.9ms cmd=STOP fwd=True
  inference: stop       conf=0.386 time=6.7ms cmd=STOP fwd=True
  inference: stop       conf=0.382 time=7.1ms cmd=STOP fwd=True
  inference: stop       conf=0.377 time=6.5ms cmd=STOP fwd=True
  inference: stop       conf=0.384 time=6.9ms cmd=STOP fwd=True
  inference: stop       conf=0.386 time=7.7ms cmd=STOP fwd=True
  inference: stop       conf=0.382 time=6.9ms cmd=STOP fwd=True
  inference: stop       conf=0.382 time=6.9ms cmd=STOP fwd=True
  inference: stop       conf=0.371 time=7.5ms cmd=STOP fwd=True
  inference: stop       conf=0.371 time=6.7ms cmd=STOP fwd=True
  inference: stop       conf=0.386 time=7.0ms cmd=STOP fwd=True
  inference: stop       conf=0.384 time=6.9ms cmd=STOP fwd=True
  inference: stop       conf=0.382 time=7.0ms cmd=STOP fwd=True
  inference: stop       conf=0.382 time=7.3ms cmd=STOP fwd=True
  inference: stop       conf=0.371 time=6.7ms cmd=STOP fwd=True
  inference: up         conf=0.513 time=6.6ms cmd=NONE fwd=False
  inference: stop       conf=0.384 time=7.1ms cmd=STOP fwd=True
  inference: stop       conf=0.382 time=7.2ms cmd=STOP fwd=True
  inference: stop       conf=0.377 time=6.8ms cmd=STOP fwd=True
  inference: stop       conf=0.386 time=7.1ms cmd=STOP fwd=True
  inference: stop       conf=0.371 time=6.7ms cmd=STOP fwd=True
  inference: stop       conf=0.382 time=7.0ms cmd=STOP fwd=True
  inference: stop       conf=0.386 time=7.4ms cmd=STOP fwd=True
  inference: stop       conf=0.384 time=6.6ms cmd=STOP fwd=True
  inference: stop       conf=0.384 time=7.6ms cmd=STOP fwd=True
  inference: stop       conf=0.386 time=7.1ms cmd=STOP fwd=True
  inference: stop       conf=0.386 time=8.6ms cmd=STOP fwd=True
  inference: stop       conf=0.382 time=6.6ms cmd=STOP fwd=True
  inference: stop       conf=0.382 time=8.4ms cmd=STOP fwd=True
  inference: stop       conf=0.377 time=7.4ms cmd=STOP fwd=True
  inference: stop       conf=0.386 time=7.7ms cmd=STOP fwd=True
  inference: stop       conf=0.386 time=6.7ms cmd=STOP fwd=True
  inference: stop       conf=0.377 time=6.6ms cmd=STOP fwd=True
  inference: stop       conf=0.382 time=6.7ms cmd=STOP fwd=True
  inference: stop       conf=0.386 time=7.5ms cmd=STOP fwd=True
  inference: stop       conf=0.386 time=18.5ms cmd=STOP fwd=True
  inference: stop       conf=0.386 time=17.7ms cmd=STOP fwd=True
  inference: stop       conf=0.384 time=16.9ms cmd=STOP fwd=True
  inference: stop       conf=0.371 time=7.5ms cmd=STOP fwd=True
  inference: stop       conf=0.377 time=7.0ms cmd=STOP fwd=True
  inference: stop       conf=0.382 time=8.6ms cmd=STOP fwd=True
  inference: stop       conf=0.386 time=6.8ms cmd=STOP fwd=True
  inference: stop       conf=0.371 time=7.2ms cmd=STOP fwd=True
  inference: stop       conf=0.386 time=7.0ms cmd=STOP fwd=True
  inference: stop       conf=0.384 time=6.7ms cmd=STOP fwd=True
  inference: stop       conf=0.371 time=7.4ms cmd=STOP fwd=True
  inference: stop       conf=0.371 time=7.8ms cmd=STOP fwd=True
  inference: stop       conf=0.377 time=6.8ms cmd=STOP fwd=True
  inference: stop       conf=0.386 time=7.2ms cmd=STOP fwd=True
  inference: stop       conf=0.382 time=8.3ms cmd=STOP fwd=True
  inference: stop       conf=0.386 time=6.9ms cmd=STOP fwd=True
  inference: stop       conf=0.371 time=7.1ms cmd=STOP fwd=True
  inference: stop       conf=0.382 time=6.9ms cmd=STOP fwd=True
  inference: stop       conf=0.386 time=6.7ms cmd=STOP fwd=True
  inference: stop       conf=0.386 time=9.1ms cmd=STOP fwd=True
  inference: stop       conf=0.371 time=6.9ms cmd=STOP fwd=True
  inference: stop       conf=0.382 time=7.4ms cmd=STOP fwd=True
  inference: stop       conf=0.384 time=11.0ms cmd=STOP fwd=True
  inference: stop       conf=0.382 time=7.1ms cmd=STOP fwd=True
  inference: stop       conf=0.386 time=6.8ms cmd=STOP fwd=True
  inference: stop       conf=0.377 time=8.4ms cmd=STOP fwd=True
  inference: stop       conf=0.371 time=7.8ms cmd=STOP fwd=True
  inference: stop       conf=0.386 time=10.5ms cmd=STOP fwd=True
  inference: stop       conf=0.382 time=10.5ms cmd=STOP fwd=True
  inference: stop       conf=0.384 time=10.6ms cmd=STOP fwd=True
  inference: stop       conf=0.386 time=7.5ms cmd=STOP fwd=True
  inference: stop       conf=0.382 time=11.5ms cmd=STOP fwd=True
  inference: stop       conf=0.371 time=9.0ms cmd=STOP fwd=True
  inference: stop       conf=0.386 time=10.0ms cmd=STOP fwd=True
  inference: stop       conf=0.371 time=18.2ms cmd=STOP fwd=True
  inference: stop       conf=0.386 time=8.5ms cmd=STOP fwd=True
  inference: stop       conf=0.386 time=10.9ms cmd=STOP fwd=True
  inference: stop       conf=0.386 time=8.3ms cmd=STOP fwd=True
  inference: stop       conf=0.382 time=8.2ms cmd=STOP fwd=True
  inference: stop       conf=0.371 time=10.5ms cmd=STOP fwd=True
  inference: stop       conf=0.382 time=12.2ms cmd=STOP fwd=True
  inference: stop       conf=0.386 time=11.5ms cmd=STOP fwd=True
  inference: stop       conf=0.371 time=8.7ms cmd=STOP fwd=True
  inference: stop       conf=0.371 time=10.7ms cmd=STOP fwd=True
  inference: stop       conf=0.382 time=11.6ms cmd=STOP fwd=True
  inference: stop       conf=0.371 time=10.6ms cmd=STOP fwd=True
  inference: stop       conf=0.386 time=12.0ms cmd=STOP fwd=True
  inference: stop       conf=0.384 time=10.6ms cmd=STOP fwd=True
  inference: stop       conf=0.384 time=7.6ms cmd=STOP fwd=True
  inference: stop       conf=0.386 time=14.0ms cmd=STOP fwd=True
  inference: stop       conf=0.386 time=11.5ms cmd=STOP fwd=True
  inference: stop       conf=0.377 time=8.0ms cmd=STOP fwd=True
  inference: stop       conf=0.371 time=9.6ms cmd=STOP fwd=True
  inference: stop       conf=0.386 time=10.7ms cmd=STOP fwd=True
  inference: stop       conf=0.371 time=7.8ms cmd=STOP fwd=True
  inference: stop       conf=0.377 time=11.6ms cmd=STOP fwd=True
  inference: stop       conf=0.377 time=10.0ms cmd=STOP fwd=True
  inference: stop       conf=0.386 time=6.7ms cmd=STOP fwd=True
  inference: stop       conf=0.382 time=16.0ms cmd=STOP fwd=True
  inference: stop       conf=0.377 time=17.7ms cmd=STOP fwd=True
  inference: stop       conf=0.382 time=18.6ms cmd=STOP fwd=True
  inference: stop       conf=0.384 time=15.8ms cmd=STOP fwd=True
  inference: stop       conf=0.382 time=7.2ms cmd=STOP fwd=True
  inference: stop       conf=0.384 time=7.4ms cmd=STOP fwd=True
  inference: stop       conf=0.382 time=7.5ms cmd=STOP fwd=True
  inference: stop       conf=0.386 time=7.9ms cmd=STOP fwd=True
  inference: stop       conf=0.386 time=7.3ms cmd=STOP fwd=True
  inference: stop       conf=0.382 time=7.8ms cmd=STOP fwd=True
  inference: stop       conf=0.386 time=6.7ms cmd=STOP fwd=True
  inference: stop       conf=0.377 time=6.8ms cmd=STOP fwd=True
  inference: stop       conf=0.371 time=7.3ms cmd=STOP fwd=True
  inference: stop       conf=0.386 time=6.8ms cmd=STOP fwd=True
  inference: stop       conf=0.377 time=7.6ms cmd=STOP fwd=True
  inference: stop       conf=0.386 time=6.7ms cmd=STOP fwd=True
  inference: stop       conf=0.386 time=6.9ms cmd=STOP fwd=True
  inference: stop       conf=0.377 time=8.6ms cmd=STOP fwd=True
  inference: stop       conf=0.386 time=6.6ms cmd=STOP fwd=True
  inference: stop       conf=0.386 time=6.9ms cmd=STOP fwd=True
  inference: stop       conf=0.377 time=7.5ms cmd=STOP fwd=True
  inference: stop       conf=0.377 time=6.7ms cmd=STOP fwd=True
  inference: stop       conf=0.386 time=7.7ms cmd=STOP fwd=True
  inference: stop       conf=0.386 time=7.9ms cmd=STOP fwd=True
  inference: stop       conf=0.384 time=10.4ms cmd=STOP fwd=True
  inference: stop       conf=0.384 time=9.6ms cmd=STOP fwd=True
  inference: stop       conf=0.382 time=6.9ms cmd=STOP fwd=True
  inference: stop       conf=0.382 time=7.4ms cmd=STOP fwd=True
  inference: stop       conf=0.386 time=7.8ms cmd=STOP fwd=True
  inference: stop       conf=0.384 time=7.5ms cmd=STOP fwd=True
  inference: stop       conf=0.386 time=8.5ms cmd=STOP fwd=True
  inference: stop       conf=0.371 time=6.7ms cmd=STOP fwd=True
  inference: stop       conf=0.377 time=8.1ms cmd=STOP fwd=True
  inference: stop       conf=0.382 time=7.5ms cmd=STOP fwd=True
  inference: stop       conf=0.384 time=6.7ms cmd=STOP fwd=True
  inference: stop       conf=0.386 time=6.9ms cmd=STOP fwd=True
  inference: stop       conf=0.386 time=7.1ms cmd=STOP fwd=True
  inference: stop       conf=0.382 time=7.1ms cmd=STOP fwd=True
  inference: stop       conf=0.384 time=10.6ms cmd=STOP fwd=True
  inference: stop       conf=0.382 time=6.8ms cmd=STOP fwd=True
  inference: stop       conf=0.371 time=6.7ms cmd=STOP fwd=True
  inference: stop       conf=0.371 time=8.4ms cmd=STOP fwd=True
  inference: stop       conf=0.386 time=7.8ms cmd=STOP fwd=True
  inference: stop       conf=0.386 time=6.7ms cmd=STOP fwd=True
  inference: stop       conf=0.386 time=6.6ms cmd=STOP fwd=True
  inference: stop       conf=0.371 time=7.2ms cmd=STOP fwd=True
  inference: stop       conf=0.382 time=7.5ms cmd=STOP fwd=True
  inference: stop       conf=0.382 time=6.7ms cmd=STOP fwd=True
  inference: stop       conf=0.386 time=9.0ms cmd=STOP fwd=True
  inference: stop       conf=0.386 time=8.0ms cmd=STOP fwd=True
  inference: stop       conf=0.386 time=6.7ms cmd=STOP fwd=True
  inference: stop       conf=0.386 time=7.4ms cmd=STOP fwd=True
  inference: stop       conf=0.386 time=11.3ms cmd=STOP fwd=True
  inference: stop       conf=0.384 time=11.3ms cmd=STOP fwd=True
  inference: stop       conf=0.377 time=11.6ms cmd=STOP fwd=True
  inference: stop       conf=0.382 time=9.0ms cmd=STOP fwd=True
  inference: stop       conf=0.371 time=13.3ms cmd=STOP fwd=True
  inference: stop       conf=0.386 time=8.2ms cmd=STOP fwd=True
  inference: stop       conf=0.371 time=16.6ms cmd=STOP fwd=True
  inference: stop       conf=0.377 time=15.9ms cmd=STOP fwd=True
  inference: stop       conf=0.371 time=21.1ms cmd=STOP fwd=True
  inference: stop       conf=0.382 time=17.6ms cmd=STOP fwd=True
  inference: stop       conf=0.371 time=12.1ms cmd=STOP fwd=True
  inference: stop       conf=0.382 time=13.1ms cmd=STOP fwd=True
  inference: stop       conf=0.386 time=7.6ms cmd=STOP fwd=True
  inference: stop       conf=0.371 time=8.4ms cmd=STOP fwd=True
  inference: stop       conf=0.386 time=10.2ms cmd=STOP fwd=True
  inference: stop       conf=0.382 time=9.6ms cmd=STOP fwd=True
  inference: stop       conf=0.386 time=7.7ms cmd=STOP fwd=True
  inference: stop       conf=0.382 time=7.9ms cmd=STOP fwd=True
  inference: stop       conf=0.371 time=6.9ms cmd=STOP fwd=True
  inference: stop       conf=0.382 time=8.5ms cmd=STOP fwd=True
  inference: stop       conf=0.384 time=7.2ms cmd=STOP fwd=True
  inference: stop       conf=0.382 time=7.8ms cmd=STOP fwd=True
  inference: stop       conf=0.382 time=8.3ms cmd=STOP fwd=True
  inference: stop       conf=0.384 time=6.8ms cmd=STOP fwd=True
  inference: stop       conf=0.386 time=7.2ms cmd=STOP fwd=True
  inference: stop       conf=0.371 time=8.0ms cmd=STOP fwd=True
  inference: stop       conf=0.382 time=6.9ms cmd=STOP fwd=True
  inference: stop       conf=0.386 time=7.5ms cmd=STOP fwd=True
  inference: stop       conf=0.371 time=7.3ms cmd=STOP fwd=True
  inference: stop       conf=0.371 time=6.8ms cmd=STOP fwd=True
  inference: stop       conf=0.386 time=7.2ms cmd=STOP fwd=True
  inference: stop       conf=0.371 time=6.8ms cmd=STOP fwd=True
  inference: stop       conf=0.386 time=6.8ms cmd=STOP fwd=True
  inference: stop       conf=0.386 time=8.0ms cmd=STOP fwd=True
  inference: stop       conf=0.386 time=7.7ms cmd=STOP fwd=True
  inference: stop       conf=0.371 time=7.3ms cmd=STOP fwd=True
  inference: stop       conf=0.384 time=6.5ms cmd=STOP fwd=True
  inference: stop       conf=0.384 time=6.9ms cmd=STOP fwd=True
  inference: stop       conf=0.382 time=6.8ms cmd=STOP fwd=True
  inference: stop       conf=0.377 time=6.8ms cmd=STOP fwd=True
  inference: stop       conf=0.386 time=7.5ms cmd=STOP fwd=True
  inference: stop       conf=0.382 time=8.0ms cmd=STOP fwd=True
  inference: stop       conf=0.377 time=8.6ms cmd=STOP fwd=True
  inference: stop       conf=0.382 time=7.3ms cmd=STOP fwd=True
  inference: stop       conf=0.371 time=7.1ms cmd=STOP fwd=True
  inference: stop       conf=0.382 time=7.7ms cmd=STOP fwd=True
  inference: stop       conf=0.386 time=7.1ms cmd=STOP fwd=True
  inference: stop       conf=0.382 time=7.7ms cmd=STOP fwd=True
  inference: stop       conf=0.382 time=6.9ms cmd=STOP fwd=True
  inference: stop       conf=0.386 time=7.3ms cmd=STOP fwd=True
  inference: stop       conf=0.384 time=7.7ms cmd=STOP fwd=True
  inference: stop       conf=0.386 time=6.9ms cmd=STOP fwd=True
  inference: stop       conf=0.386 time=7.6ms cmd=STOP fwd=True
  inference: stop       conf=0.384 time=11.5ms cmd=STOP fwd=True
  inference: stop       conf=0.384 time=7.6ms cmd=STOP fwd=True
  inference: stop       conf=0.371 time=7.1ms cmd=STOP fwd=True
  inference: stop       conf=0.377 time=7.5ms cmd=STOP fwd=True
  inference: stop       conf=0.386 time=7.3ms cmd=STOP fwd=True
  inference: stop       conf=0.384 time=6.8ms cmd=STOP fwd=True
  inference: stop       conf=0.384 time=7.4ms cmd=STOP fwd=True
  inference: stop       conf=0.386 time=6.5ms cmd=STOP fwd=True
  inference: stop       conf=0.384 time=6.9ms cmd=STOP fwd=True
  inference: stop       conf=0.382 time=7.7ms cmd=STOP fwd=True
  inference: stop       conf=0.382 time=6.6ms cmd=STOP fwd=True
  inference: stop       conf=0.382 time=7.7ms cmd=STOP fwd=True
  inference: stop       conf=0.382 time=7.6ms cmd=STOP fwd=True
  inference: stop       conf=0.377 time=6.9ms cmd=STOP fwd=True
  inference: stop       conf=0.386 time=7.1ms cmd=STOP fwd=True
  inference: stop       conf=0.382 time=7.0ms cmd=STOP fwd=True
  inference: stop       conf=0.377 time=6.8ms cmd=STOP fwd=True
  inference: stop       conf=0.386 time=8.5ms cmd=STOP fwd=True
  inference: stop       conf=0.384 time=8.3ms cmd=STOP fwd=True
  inference: stop       conf=0.377 time=6.7ms cmd=STOP fwd=True
  inference: stop       conf=0.384 time=7.9ms cmd=STOP fwd=True
  inference: stop       conf=0.377 time=17.8ms cmd=STOP fwd=True
  inference: stop       conf=0.377 time=16.3ms cmd=STOP fwd=True
  inference: stop       conf=0.386 time=17.5ms cmd=STOP fwd=True
  inference: stop       conf=0.371 time=6.9ms cmd=STOP fwd=True
  inference: stop       conf=0.371 time=7.2ms cmd=STOP fwd=True
  inference: stop       conf=0.382 time=7.7ms cmd=STOP fwd=True
  inference: stop       conf=0.382 time=7.1ms cmd=STOP fwd=True
  inference: stop       conf=0.371 time=6.7ms cmd=STOP fwd=True
  inference: stop       conf=0.386 time=7.4ms cmd=STOP fwd=True
  inference: stop       conf=0.377 time=9.2ms cmd=STOP fwd=True
  inference: stop       conf=0.384 time=8.9ms cmd=STOP fwd=True
  inference: stop       conf=0.384 time=9.1ms cmd=STOP fwd=True
  inference: stop       conf=0.377 time=12.0ms cmd=STOP fwd=True
  inference: stop       conf=0.382 time=10.4ms cmd=STOP fwd=True
  inference: stop       conf=0.386 time=10.4ms cmd=STOP fwd=True
  inference: stop       conf=0.386 time=7.6ms cmd=STOP fwd=True
  inference: stop       conf=0.371 time=7.0ms cmd=STOP fwd=True
  inference: stop       conf=0.386 time=8.1ms cmd=STOP fwd=True
  inference: stop       conf=0.386 time=6.7ms cmd=STOP fwd=True
  inference: stop       conf=0.386 time=7.0ms cmd=STOP fwd=True
  inference: stop       conf=0.382 time=7.9ms cmd=STOP fwd=True
  inference: stop       conf=0.371 time=7.4ms cmd=STOP fwd=True
  inference: stop       conf=0.384 time=7.2ms cmd=STOP fwd=True
  inference: stop       conf=0.377 time=7.0ms cmd=STOP fwd=True
  inference: stop       conf=0.384 time=7.9ms cmd=STOP fwd=True

nodeB: Duration complete; shutting down ...

============================================================
  Node B Summary — Precision: FP16
============================================================
  Packets received:    968
  Inferences run:      483
  Commands forwarded:  481

  recv          min=0.06ms  avg=0.09ms  max=0.34ms  p99=0.26ms  n=968
  inference     min=6.48ms  avg=8.52ms  max=21.09ms  p99=18.52ms  n=483
  send          min=0.05ms  avg=0.13ms  max=0.57ms  p99=0.32ms  n=481

  Overruns: 5 total
    recv: 1
    send: 4
============================================================
