[12:58:19] Sweep started: 8 runs.
[12:58:19] [1/8] fp32_baseline starting...
[12:59:15] [1/8] fp32_baseline done (exit=0, 55.7s)
[12:59:17] [2/8] fp32_moderate starting...
[13:00:12] [2/8] fp32_moderate done (exit=0, 55.7s)
[13:00:14] [3/8] fp32_heavy starting...
[13:01:10] [3/8] fp32_heavy done (exit=0, 55.7s)
[13:01:12] [4/8] fp32_partition starting...
[13:02:08] [4/8] fp32_partition done (exit=0, 55.7s)
[13:02:10] [5/8] fp16_baseline starting...
[13:03:05] [5/8] fp16_baseline done (exit=0, 55.8s)
[13:03:07] [6/8] fp16_moderate starting...
[13:04:03] [6/8] fp16_moderate done (exit=0, 55.7s)
[13:04:05] [7/8] fp16_heavy starting...
[13:05:01] [7/8] fp16_heavy done (exit=0, 55.7s)
[13:05:03] [8/8] fp16_partition starting...
[13:05:59] [8/8] fp16_partition done (exit=0, 55.7s)
[13:06:01] Sweep complete in 461.8s. Building summary...
[13:06:01] Summary written: C:\Users\Armaan\Desktop\4331project\finalresults\impairment_sweep\sweep_summary.md
[13:06:01] DONE.
