[12:45:42] Sweep started: 8 runs.
[12:45:42] [1/8] fp32_baseline starting...
[12:46:37] [1/8] fp32_baseline done (exit=0, 55.1s)
[12:46:39] [2/8] fp32_moderate starting...
[12:47:34] [2/8] fp32_moderate done (exit=0, 55.1s)
[12:47:36] [3/8] fp32_heavy starting...
[12:48:31] [3/8] fp32_heavy done (exit=0, 55.1s)
[12:48:33] [4/8] fp32_partition starting...
[12:49:28] [4/8] fp32_partition done (exit=0, 55.1s)
[12:49:30] [5/8] fp16_baseline starting...
[12:50:25] [5/8] fp16_baseline done (exit=0, 55.1s)
[12:50:27] [6/8] fp16_moderate starting...
[12:51:22] [6/8] fp16_moderate done (exit=0, 55.1s)
[12:51:24] [7/8] fp16_heavy starting...
[12:52:20] [7/8] fp16_heavy done (exit=0, 55.1s)
[12:52:22] [8/8] fp16_partition starting...
[12:53:17] [8/8] fp16_partition done (exit=0, 55.1s)
[12:53:19] Sweep complete in 456.91s. Building summary...
[12:53:19] Summary written: C:\Users\Armaan\Desktop\4331project\finalresults\impairment_sweep\sweep_summary.md
[12:53:19] DONE.
