
==================================================
  Node C — Actuator Control (Host Fallback)
==================================================
  Listening: 0.0.0.0:5002
  Scheduler: RMS (cooperative)
  Debounce: 2 consecutive STOP within 2000ms
  Watchdog: failsafe after 3000ms silence
  Results: C:\Users\Armaan\Desktop\4331project\finalresults\impairment_sweep\fp32_heavy
  Press Ctrl+C to stop.


==================================================
  UDP Proxy — Network Impairment Injector
==================================================
  Profile:     heavy
  Jitter:      10±5 ms
  Packet loss: 10.0%


  Proxy running. Press Ctrl+C to stop.

  proxy/hop1 (A->B): :6001 -> 127.0.0.1:5001 [jitter=10±5ms, loss=10.0%]
  proxy/hop2 (B->C): :6002 -> 127.0.0.1:5002 [jitter=10±5ms, loss=10.0%]

  *** WATCHDOG FAILSAFE *** No packet in 3018ms — triggering emergency stop

nodeB: Loading model superb/wav2vec2-base-superb-ks ...
nodeB: Precision = FP32
Warning: You are sending unauthenticated requests to the HF Hub. Please set a HF_TOKEN to enable higher rate limits and faster downloads.
Loading weights:   0%|          | 0/216 [00:00<?, ?it/s]Loading weights: 100%|##########| 216/216 [00:00<00:00, 52844.71it/s]
nodeB: Using GPU — NVIDIA GeForce RTX 5060 Ti
nodeB: Running warm-up inference ...
nodeB: Warm-up complete.

nodeB: Listening on 0.0.0.0:5001
nodeB: Sending to 127.0.0.1:6002
nodeB: Scheduler policy = RMS
nodeB: Results -> C:\Users\Armaan\Desktop\4331project\finalresults\impairment_sweep\fp32_heavy
nodeB: All tasks running — RMS (cooperative). Press Ctrl+C to stop.

nodeA: Loaded stop_clean.wav — 16000 samples (1.00s)

==================================================
  Node A — Audio Sensor (Host Fallback)
==================================================
  Target: 127.0.0.1:6001
  Tasks: tAudioSample(10ms) tFeatureExtract(20ms) tUdpTransmit(20ms)
  Results: C:\Users\Armaan\Desktop\4331project\finalresults\impairment_sweep\fp32_heavy
  Press Ctrl+C to stop.

  inference: stop       conf=0.998 time=76.2ms cmd=STOP fwd=True
  nodeC: recv #0 cmd=STOP conf=0.998
  inference: stop       conf=1.000 time=27.3ms cmd=STOP fwd=True
  nodeC: recv #1 cmd=STOP conf=1.000

  *** ACTUATOR: EMERGENCY_STOP *** (seq=1 conf=1.000) (processing=0.1ms)

  inference: stop       conf=0.999 time=64.8ms cmd=STOP fwd=True
  nodeC: recv #2 cmd=STOP conf=0.999
  inference: stop       conf=0.999 time=27.3ms cmd=STOP fwd=True
  nodeC: recv #3 cmd=STOP conf=0.999

  *** ACTUATOR: EMERGENCY_STOP *** (seq=3 conf=0.999) (processing=0.2ms)

  inference: stop       conf=0.999 time=75.8ms cmd=STOP fwd=True
  nodeC: recv #4 cmd=STOP conf=0.999
  inference: stop       conf=0.999 time=27.9ms cmd=STOP fwd=True
  proxy/hop2 (B->C): DROPPED packet (total dropped: 1)
  inference: stop       conf=0.999 time=64.5ms cmd=STOP fwd=True

  *** WATCHDOG FAILSAFE *** No packet in 3064ms — triggering emergency stop

  nodeC: recv #6 cmd=STOP conf=0.999
  inference: stop       conf=0.999 time=27.1ms cmd=STOP fwd=True
  nodeC: recv #7 cmd=STOP conf=0.999

  *** ACTUATOR: EMERGENCY_STOP *** (seq=7 conf=0.999) (processing=0.2ms)

  inference: stop       conf=0.999 time=65.3ms cmd=STOP fwd=True
  nodeC: recv #8 cmd=STOP conf=0.999
  proxy/hop1 (A->B): DROPPED packet (total dropped: 1)
  nodeA: sent packet #10 | ring=0/16000
  inference: stop       conf=0.999 time=64.8ms cmd=STOP fwd=True
  nodeC: recv #10 cmd=STOP conf=0.999
  inference: stop       conf=0.999 time=27.4ms cmd=STOP fwd=True

  *** WATCHDOG FAILSAFE *** No packet in 3028ms — triggering emergency stop

  inference: stop       conf=1.000 time=64.5ms cmd=STOP fwd=True
  nodeC: recv #12 cmd=STOP conf=1.000
  inference: stop       conf=1.000 time=27.4ms cmd=STOP fwd=True
  inference: stop       conf=0.999 time=63.7ms cmd=STOP fwd=True

  *** WATCHDOG FAILSAFE *** No packet in 3033ms — triggering emergency stop

  nodeC: recv #14 cmd=STOP conf=0.999
  inference: stop       conf=0.999 time=27.6ms cmd=STOP fwd=True
  nodeC: recv #15 cmd=STOP conf=0.999

  *** ACTUATOR: EMERGENCY_STOP *** (seq=15 conf=0.999) (processing=0.3ms)


  *** WATCHDOG FAILSAFE *** No packet in 3032ms — triggering emergency stop


nodeB: Duration complete; shutting down ...
nodeA: Duration complete; shutting down ...

nodeC: Duration complete; shutting down ...


============================================================
  Node A Summary (Host Fallback)
============================================================
  Samples read:   303040
  Chunks sent:    18

============================================================
  Node B Summary — Precision: FP32 | Scheduler: RMS (cooperative)
============================================================
  Packets received:    15
  Inferences run:      15
  Commands forwarded:  15


============================================================
  Node C Summary | Scheduler: RMS (cooperative)
============================================================
  Packets received:     12
  STOP commands:        12
  GO commands:          0
  Actuator triggers:    4
  Watchdog failsafes:   5
  Final actuator state: FAILSAFE_STOP
  sample        min=0.03ms  avg=0.15ms  max=4.27ms  p99=0.69ms  n=1894
  recv          min=0.06ms  avg=0.11ms  max=0.24ms  p99=0.22ms  n=15
  extract       min=0.00ms  avg=0.06ms  max=5.40ms  p99=2.55ms  n=958
  recv          min=0.01ms  avg=0.02ms  max=0.03ms  p99=0.03ms  n=12
  inference     min=27.06ms  avg=48.77ms  max=76.19ms  p99=76.14ms  n=15
  transmit      min=0.19ms  avg=0.48ms  max=1.01ms  p99=1.01ms  n=18
  Overruns: 0
============================================================
  send          min=0.14ms  avg=0.39ms  max=0.78ms  p99=0.78ms  n=15

  Overruns: 25 total
    recv: 8
    inference: 8
    send: 9
============================================================
  validate      min=0.00ms  avg=0.00ms  max=0.29ms  p99=0.02ms  n=2285
  watchdog      min=0.00ms  avg=0.00ms  max=0.20ms  p99=0.06ms  n=457
  Overruns: 7
============================================================
[pipeline] Results -> C:\Users\Armaan\Desktop\4331project\finalresults\impairment_sweep\fp32_heavy
[pipeline] Starting Node C ...
[pipeline] Starting UDP proxy (mode=heavy) ...
[pipeline] Starting Node B (precision=fp32) ...
[pipeline] Waiting for Node B model to load ...
[pipeline] Starting Node A ...

[pipeline] All nodes running. Will stop in 30s ...


[pipeline] Shutting down all nodes ...
  Terminated Proxy (pid=50476)
[pipeline] Done.
