
==================================================
  Node C  Actuator Control (Host Fallback)
==================================================
  Listening: 0.0.0.0:5002
  Scheduler: RMS (cooperative)
  Debounce: 2 consecutive STOP within 2000ms
  Watchdog: failsafe after 3000ms silence
  Results: C:\Users\Armaan\Desktop\4331project\finalresults\impairment_sweep\fp16_moderate
  Press Ctrl+C to stop.


==================================================
  UDP Proxy  Network Impairment Injector
==================================================
  Profile:     moderate
  Jitter:      5Ý3 ms
  Packet loss: 2.0%


  Proxy running. Press Ctrl+C to stop.

  proxy/hop1 (A->B): :6001 -> 127.0.0.1:5001 [jitter=5Ý3ms, loss=2.0%]  proxy/hop2 (B->C): :6002 -> 127.0.0.1:5002 [jitter=5Ý3ms, loss=2.0%]

Traceback (most recent call last):
  File "C:\Users\Armaan\Desktop\4331project\nodeB.py", line 695, in <module>
    main()
  File "C:\Users\Armaan\Desktop\4331project\nodeB.py", line 690, in main
    node.load_model()
  File "C:\Users\Armaan\Desktop\4331project\nodeB.py", line 182, in load_model
    import torch
ModuleNotFoundError: No module named 'torch'

  *** WATCHDOG FAILSAFE *** No packet in 3016ms  triggering emergency stop

nodeA: Loaded stop_clean.wav  16000 samples (1.00s)

==================================================
  Node A  Audio Sensor (Host Fallback)
==================================================
  Target: 127.0.0.1:6001
  Tasks: tAudioSample(10ms) tFeatureExtract(20ms) tUdpTransmit(20ms)
  Results: C:\Users\Armaan\Desktop\4331project\finalresults\impairment_sweep\fp16_moderate
  Press Ctrl+C to stop.

  proxy/hop1 (A->B): DROPPED packet (total dropped: 1)  nodeA: sent packet #10 | ring=160/16000


nodeC: Duration complete; shutting down ...

nodeA: Duration complete; shutting down ...

============================================================
  Node A Summary (Host Fallback)
============================================================
  Samples read:   300960
  Chunks sent:    18

============================================================
  Node C Summary | Scheduler: RMS (cooperative)
============================================================
  Packets received:     0
  STOP commands:        0
  GO commands:          0
  Actuator triggers:    0
  Watchdog failsafes:   1
  Final actuator state: FAILSAFE_STOP
  recv          (no data)
  sample        min=0.03ms  avg=0.13ms  max=0.81ms  p99=0.41ms  n=1881
  extract       min=0.00ms  avg=0.08ms  max=6.38ms  p99=3.37ms  n=962
  validate      min=0.00ms  avg=0.00ms  max=0.04ms  p99=0.02ms  n=2284
  transmit      min=0.22ms  avg=0.46ms  max=1.03ms  p99=0.99ms  n=18
  Overruns: 0
============================================================
  watchdog      min=0.00ms  avg=0.00ms  max=0.28ms  p99=0.01ms  n=457
  Overruns: 15
============================================================
[pipeline] Results -> C:\Users\Armaan\Desktop\4331project\finalresults\impairment_sweep\fp16_moderate
[pipeline] Starting Node C ...
[pipeline] Starting UDP proxy (mode=moderate) ...
[pipeline] Starting Node B (precision=fp16) ...
[pipeline] Waiting for Node B model to load ...
[pipeline] Starting Node A ...

[pipeline] All nodes running. Will stop in 30s ...


[pipeline] Shutting down all nodes ...
  Terminated Proxy (pid=53660)
[pipeline] Done.
