
==================================================
  Node C — Actuator Control (Host Fallback)
==================================================
  Listening: 0.0.0.0:5002
  Scheduler: RMS (cooperative)
  Debounce: 2 consecutive STOP within 2000ms
  Watchdog: failsafe after 3000ms silence
  Results: C:\Users\Armaan\Desktop\4331project\finalresults\impairment_sweep\fp32_moderate
  Press Ctrl+C to stop.


==================================================
  UDP Proxy — Network Impairment Injector
==================================================
  Profile:     moderate
  Jitter:      5±3 ms
  Packet loss: 2.0%


  Proxy running. Press Ctrl+C to stop.

  proxy/hop1 (A->B): :6001 -> 127.0.0.1:5001 [jitter=5±3ms, loss=2.0%]
  proxy/hop2 (B->C): :6002 -> 127.0.0.1:5002 [jitter=5±3ms, loss=2.0%]

  *** WATCHDOG FAILSAFE *** No packet in 3077ms — triggering emergency stop

nodeB: Loading model superb/wav2vec2-base-superb-ks ...
nodeB: Precision = FP32
Warning: You are sending unauthenticated requests to the HF Hub. Please set a HF_TOKEN to enable higher rate limits and faster downloads.
Loading weights:   0%|          | 0/216 [00:00<?, ?it/s]Loading weights: 100%|##########| 216/216 [00:00<00:00, 38672.03it/s]
nodeB: Using GPU — NVIDIA GeForce RTX 5060 Ti
nodeB: Running warm-up inference ...
nodeB: Warm-up complete.

nodeB: Listening on 0.0.0.0:5001
nodeB: Sending to 127.0.0.1:6002
nodeB: Scheduler policy = RMS
nodeB: Results -> C:\Users\Armaan\Desktop\4331project\finalresults\impairment_sweep\fp32_moderate
nodeB: All tasks running — RMS (cooperative). Press Ctrl+C to stop.

nodeA: Loaded stop_clean.wav — 16000 samples (1.00s)

==================================================
  Node A — Audio Sensor (Host Fallback)
==================================================
  Target: 127.0.0.1:6001
  Tasks: tAudioSample(10ms) tFeatureExtract(20ms) tUdpTransmit(20ms)
  Results: C:\Users\Armaan\Desktop\4331project\finalresults\impairment_sweep\fp32_moderate
  Press Ctrl+C to stop.

  inference: stop       conf=0.998 time=74.5ms cmd=STOP fwd=True
  nodeC: recv #0 cmd=STOP conf=0.998
  inference: stop       conf=1.000 time=36.9ms cmd=STOP fwd=True
  nodeC: recv #1 cmd=STOP conf=1.000

  *** ACTUATOR: EMERGENCY_STOP *** (seq=1 conf=1.000) (processing=0.1ms)

  inference: stop       conf=0.999 time=64.7ms cmd=STOP fwd=True
  nodeC: recv #2 cmd=STOP conf=0.999
  inference: stop       conf=0.999 time=27.3ms cmd=STOP fwd=True
  nodeC: recv #3 cmd=STOP conf=0.999

  *** ACTUATOR: EMERGENCY_STOP *** (seq=3 conf=0.999) (processing=0.1ms)

  inference: stop       conf=0.999 time=63.1ms cmd=STOP fwd=True
  nodeC: recv #4 cmd=STOP conf=0.999
  inference: stop       conf=1.000 time=27.2ms cmd=STOP fwd=True
  nodeC: recv #5 cmd=STOP conf=1.000

  *** ACTUATOR: EMERGENCY_STOP *** (seq=5 conf=1.000) (processing=0.1ms)

  inference: stop       conf=0.999 time=63.2ms cmd=STOP fwd=True
  nodeC: recv #6 cmd=STOP conf=0.999
  inference: stop       conf=0.999 time=29.1ms cmd=STOP fwd=True
  nodeC: recv #7 cmd=STOP conf=0.999

  *** ACTUATOR: EMERGENCY_STOP *** (seq=7 conf=0.999) (processing=0.1ms)

  inference: stop       conf=1.000 time=62.1ms cmd=STOP fwd=True
  nodeC: recv #8 cmd=STOP conf=1.000
  nodeA: sent packet #10 | ring=320/16000
  inference: stop       conf=0.999 time=65.6ms cmd=STOP fwd=True
  nodeC: recv #9 cmd=STOP conf=0.999

  *** ACTUATOR: EMERGENCY_STOP *** (seq=9 conf=0.999) (processing=0.6ms)

  inference: stop       conf=0.999 time=26.8ms cmd=STOP fwd=True
  nodeC: recv #10 cmd=STOP conf=0.999
  inference: stop       conf=0.999 time=66.3ms cmd=STOP fwd=True
  nodeC: recv #11 cmd=STOP conf=0.999

  *** ACTUATOR: EMERGENCY_STOP *** (seq=11 conf=0.999) (processing=0.2ms)

  inference: stop       conf=1.000 time=27.3ms cmd=STOP fwd=True
  nodeC: recv #12 cmd=STOP conf=1.000
  inference: stop       conf=0.999 time=64.3ms cmd=STOP fwd=True
  nodeC: recv #13 cmd=STOP conf=0.999

  *** ACTUATOR: EMERGENCY_STOP *** (seq=13 conf=0.999) (processing=0.1ms)

  inference: stop       conf=0.999 time=29.0ms cmd=STOP fwd=True
  nodeC: recv #14 cmd=STOP conf=0.999
  inference: stop       conf=0.999 time=68.9ms cmd=STOP fwd=True
  nodeC: recv #15 cmd=STOP conf=0.999

  *** ACTUATOR: EMERGENCY_STOP *** (seq=15 conf=0.999) (processing=0.1ms)

  inference: stop       conf=0.999 time=28.0ms cmd=STOP fwd=True
  nodeC: recv #16 cmd=STOP conf=0.999
  inference: stop       conf=1.000 time=64.4ms cmd=STOP fwd=True
  nodeC: recv #17 cmd=STOP conf=1.000

  *** ACTUATOR: EMERGENCY_STOP *** (seq=17 conf=1.000) (processing=0.2ms)


nodeC: Duration complete; shutting down ...
nodeB: Duration complete; shutting down ...


nodeA: Duration complete; shutting down ...

============================================================
  Node A Summary (Host Fallback)
============================================================

============================================================  Samples read:   305280
============================================================

  Chunks sent:    18
  Node C Summary | Scheduler: RMS (cooperative)

============================================================
  Node B Summary — Precision: FP32 | Scheduler: RMS (cooperative)
============================================================
  Packets received:     18
  STOP commands:        18
  Packets received:    18  GO commands:          0
  Actuator triggers:    9
  Watchdog failsafes:   1

  Final actuator state: EMERGENCY_STOP
  Inferences run:      18
  Commands forwarded:  18

  sample        min=0.03ms  avg=0.15ms  max=1.00ms  p99=0.60ms  n=1908
  recv          min=0.01ms  avg=0.03ms  max=0.06ms  p99=0.06ms  n=18
  recv          min=0.06ms  avg=0.18ms  max=0.49ms  p99=0.47ms  n=18
  extract       min=0.00ms  avg=0.09ms  max=8.18ms  p99=3.82ms  n=957
  inference     min=26.84ms  avg=49.38ms  max=74.51ms  p99=73.56ms  n=18
  transmit      min=0.17ms  avg=0.71ms  max=2.05ms  p99=1.97ms  n=18
  Overruns: 0
============================================================
  validate      min=0.00ms  avg=0.00ms  max=0.35ms  p99=0.02ms  n=2283
  send          min=0.12ms  avg=0.40ms  max=1.06ms  p99=1.00ms  n=18

  Overruns: 19 total
    recv: 5
    inference: 10
    send: 4
============================================================
  watchdog      min=0.00ms  avg=0.00ms  max=0.20ms  p99=0.01ms  n=457
  Overruns: 5
============================================================
[pipeline] Results -> C:\Users\Armaan\Desktop\4331project\finalresults\impairment_sweep\fp32_moderate
[pipeline] Starting Node C ...
[pipeline] Starting UDP proxy (mode=moderate) ...
[pipeline] Starting Node B (precision=fp32) ...
[pipeline] Waiting for Node B model to load ...
[pipeline] Starting Node A ...

[pipeline] All nodes running. Will stop in 30s ...


[pipeline] Shutting down all nodes ...
  Terminated Proxy (pid=37064)
[pipeline] Done.
